This is pdfTeX, Version 3.1415926-2.5-1.40.14 (MiKTeX 2.9) (preloaded format=pdflatex 2014.2.16)  28 DEC 2014 16:10
entering extended mode
**Amazon_Presentation_Yang.tex

("D:\Dissertation_proj\Template\UT thesis template\Presentation_file\Amazon_Pre
sentation_Yang.tex"
LaTeX2e <2011/06/27>
Babel <v3.8m> and hyphenation patterns for english, afrikaans, ancientgreek, ar
abic, armenian, assamese, basque, bengali, bokmal, bulgarian, catalan, coptic, 
croatian, czech, danish, dutch, esperanto, estonian, farsi, finnish, french, ga
lician, german, german-x-2013-05-26, greek, gujarati, hindi, hungarian, iceland
ic, indonesian, interlingua, irish, italian, kannada, kurmanji, latin, latvian,
 lithuanian, malayalam, marathi, mongolian, mongolianlmc, monogreek, ngerman, n
german-x-2013-05-26, nynorsk, oriya, panjabi, pinyin, polish, portuguese, roman
ian, russian, sanskrit, serbian, slovak, slovenian, spanish, swedish, swissgerm
an, tamil, telugu, turkish, turkmen, ukenglish, ukrainian, uppersorbian, usengl
ishmax, welsh, loaded.
("d:\Program Files (x86)\MiKTeX 2.9\tex\latex\beamer\base\beamer.cls"
("d:\Program Files (x86)\MiKTeX 2.9\tex\latex\beamer\base\beamerbasercs.sty"
Package: beamerbasercs 2013/12/25 (rcs-revision 31cc758a62ae)
)
Document Class: beamer 2013/12/02 3.33 A class for typesetting presentations (r
cs-revision 332bfd3ce558)
("d:\Program Files (x86)\MiKTeX 2.9\tex\latex\beamer\base\beamerbasemodes.sty"
Package: beamerbasemodes 2013/09/03 (rcs-revision 768f2d98ca64)
\beamer@tempbox=\box26
\beamer@tempcount=\count79
\c@beamerpauses=\count80

("d:\Program Files (x86)\MiKTeX 2.9\tex\latex\beamer\base\beamerbasedecode.sty"
Package: beamerbasedecode 2010/05/01 (rcs-revision efa082c6111d)
\beamer@slideinframe=\count81
\beamer@minimum=\count82
)
\beamer@commentbox=\box27
\beamer@modecount=\count83
) ("d:\Program Files (x86)\MiKTeX 2.9\tex\generic\oberdiek\ifpdf.sty"
Package: ifpdf 2011/01/30 v2.3 Provides the ifpdf switch (HO)
Package ifpdf Info: pdfTeX in PDF mode is detected.
)
\headheight=\dimen102
\headdp=\dimen103
\footheight=\dimen104
\sidebarheight=\dimen105
\beamer@tempdim=\dimen106
\beamer@finalheight=\dimen107
\beamer@animht=\dimen108
\beamer@animdp=\dimen109
\beamer@animwd=\dimen110
\beamer@leftmargin=\dimen111
\beamer@rightmargin=\dimen112
\beamer@leftsidebar=\dimen113
\beamer@rightsidebar=\dimen114
\beamer@boxsize=\dimen115
\beamer@vboxoffset=\dimen116
\beamer@descdefault=\dimen117
\beamer@descriptionwidth=\dimen118
\beamer@lastskip=\skip41
\beamer@areabox=\box28
\beamer@animcurrent=\box29
\beamer@animshowbox=\box30
\beamer@sectionbox=\box31
\beamer@logobox=\box32
\beamer@linebox=\box33
\beamer@sectioncount=\count84
\beamer@subsubsectionmax=\count85
\beamer@subsectionmax=\count86
\beamer@sectionmax=\count87
\beamer@totalheads=\count88
\beamer@headcounter=\count89
\beamer@partstartpage=\count90
\beamer@sectionstartpage=\count91
\beamer@subsectionstartpage=\count92
\beamer@animationtempa=\count93
\beamer@animationtempb=\count94
\beamer@xpos=\count95
\beamer@ypos=\count96
\beamer@showpartnumber=\count97
\beamer@currentsubsection=\count98
\beamer@coveringdepth=\count99
\beamer@sectionadjust=\count100
\beamer@tocsectionnumber=\count101

("d:\Program Files (x86)\MiKTeX 2.9\tex\latex\beamer\base\beamerbaseoptions.sty
"
Package: beamerbaseoptions 2013/03/10 (rcs-revision 47431932db0d)
 ("d:\Program Files (x86)\MiKTeX 2.9\tex\latex\graphics\keyval.sty"
Package: keyval 1999/03/16 v1.13 key=value parser (DPC)
\KV@toks@=\toks14
))
\beamer@paperwidth=\skip42
\beamer@paperheight=\skip43

("d:\Program Files (x86)\MiKTeX 2.9\tex\latex\geometry\geometry.sty"
Package: geometry 2010/09/12 v5.6 Page Geometry

("d:\Program Files (x86)\MiKTeX 2.9\tex\generic\oberdiek\ifvtex.sty"
Package: ifvtex 2010/03/01 v1.5 Detect VTeX and its facilities (HO)
Package ifvtex Info: VTeX not detected.
)
("d:\Program Files (x86)\MiKTeX 2.9\tex\generic\ifxetex\ifxetex.sty"
Package: ifxetex 2010/09/12 v0.6 Provides ifxetex conditional
)
\Gm@cnth=\count102
\Gm@cntv=\count103
\c@Gm@tempcnt=\count104
\Gm@bindingoffset=\dimen119
\Gm@wd@mp=\dimen120
\Gm@odd@mp=\dimen121
\Gm@even@mp=\dimen122
\Gm@layoutwidth=\dimen123
\Gm@layoutheight=\dimen124
\Gm@layouthoffset=\dimen125
\Gm@layoutvoffset=\dimen126
\Gm@dimlist=\toks15

("d:\Program Files (x86)\MiKTeX 2.9\tex\latex\geometry\geometry.cfg"))
("d:\Program Files (x86)\MiKTeX 2.9\tex\latex\base\size11.clo"
File: size11.clo 2007/10/19 v1.4h Standard LaTeX file (size option)
)
("d:\Program Files (x86)\MiKTeX 2.9\tex\latex\pgf\basiclayer\pgfcore.sty"
("d:\Program Files (x86)\MiKTeX 2.9\tex\latex\graphics\graphicx.sty"
Package: graphicx 1999/02/16 v1.0f Enhanced LaTeX Graphics (DPC,SPQR)

("d:\Program Files (x86)\MiKTeX 2.9\tex\latex\graphics\graphics.sty"
Package: graphics 2009/02/05 v1.0o Standard LaTeX Graphics (DPC,SPQR)

("d:\Program Files (x86)\MiKTeX 2.9\tex\latex\graphics\trig.sty"
Package: trig 1999/03/16 v1.09 sin cos tan (DPC)
)
("d:\Program Files (x86)\MiKTeX 2.9\tex\latex\00miktex\graphics.cfg"
File: graphics.cfg 2007/01/18 v1.5 graphics configuration of teTeX/TeXLive
)
Package graphics Info: Driver file: pdftex.def on input line 91.

("d:\Program Files (x86)\MiKTeX 2.9\tex\latex\pdftex-def\pdftex.def"
File: pdftex.def 2011/05/27 v0.06d Graphics/color for pdfTeX

("d:\Program Files (x86)\MiKTeX 2.9\tex\generic\oberdiek\infwarerr.sty"
Package: infwarerr 2010/04/08 v1.3 Providing info/warning/error messages (HO)
)
("d:\Program Files (x86)\MiKTeX 2.9\tex\generic\oberdiek\ltxcmds.sty"
Package: ltxcmds 2011/11/09 v1.22 LaTeX kernel commands for general use (HO)
)
\Gread@gobject=\count105
))
\Gin@req@height=\dimen127
\Gin@req@width=\dimen128
)
("d:\Program Files (x86)\MiKTeX 2.9\tex\latex\pgf\systemlayer\pgfsys.sty"
("d:\Program Files (x86)\MiKTeX 2.9\tex\latex\pgf\utilities\pgfrcs.sty"
("d:\Program Files (x86)\MiKTeX 2.9\tex\generic\pgf\utilities\pgfutil-common.te
x"
\pgfutil@everybye=\toks16
)
("d:\Program Files (x86)\MiKTeX 2.9\tex\generic\pgf\utilities\pgfutil-latex.def
"
\pgfutil@abb=\box34
 ("d:\Program Files (x86)\MiKTeX 2.9\tex\latex\ms\everyshi.sty"
Package: everyshi 2001/05/15 v3.00 EveryShipout Package (MS)
))
("d:\Program Files (x86)\MiKTeX 2.9\tex\generic\pgf\utilities\pgfrcs.code.tex"
Package: pgfrcs 2010/10/25 v2.10 (rcs-revision 1.24)
))
("d:\Program Files (x86)\MiKTeX 2.9\tex\generic\pgf\systemlayer\pgfsys.code.tex
"
Package: pgfsys 2010/06/30 v2.10 (rcs-revision 1.37)
 ("d:\Program Files (x86)\MiKTeX 2.9\tex\generic\pgf\utilities\pgfkeys.code.tex
"
\pgfkeys@pathtoks=\toks17
\pgfkeys@temptoks=\toks18

("d:\Program Files (x86)\MiKTeX 2.9\tex\generic\pgf\utilities\pgfkeysfiltered.c
ode.tex"
\pgfkeys@tmptoks=\toks19
))
\pgf@x=\dimen129
\pgf@y=\dimen130
\pgf@xa=\dimen131
\pgf@ya=\dimen132
\pgf@xb=\dimen133
\pgf@yb=\dimen134
\pgf@xc=\dimen135
\pgf@yc=\dimen136
\w@pgf@writea=\write3
\r@pgf@reada=\read1
\c@pgf@counta=\count106
\c@pgf@countb=\count107
\c@pgf@countc=\count108
\c@pgf@countd=\count109

("d:\Program Files (x86)\MiKTeX 2.9\tex\generic\pgf\systemlayer\pgf.cfg"
File: pgf.cfg 2008/05/14  (rcs-revision 1.7)
)
Package pgfsys Info: Driver file for pgf: pgfsys-pdftex.def on input line 900.

("d:\Program Files (x86)\MiKTeX 2.9\tex\generic\pgf\systemlayer\pgfsys-pdftex.d
ef"
File: pgfsys-pdftex.def 2009/05/22  (rcs-revision 1.26)

("d:\Program Files (x86)\MiKTeX 2.9\tex\generic\pgf\systemlayer\pgfsys-common-p
df.def"
File: pgfsys-common-pdf.def 2008/05/19  (rcs-revision 1.10)
)))
("d:\Program Files (x86)\MiKTeX 2.9\tex\generic\pgf\systemlayer\pgfsyssoftpath.
code.tex"
File: pgfsyssoftpath.code.tex 2008/07/18  (rcs-revision 1.7)
\pgfsyssoftpath@smallbuffer@items=\count110
\pgfsyssoftpath@bigbuffer@items=\count111
)
("d:\Program Files (x86)\MiKTeX 2.9\tex\generic\pgf\systemlayer\pgfsysprotocol.
code.tex"
File: pgfsysprotocol.code.tex 2006/10/16  (rcs-revision 1.4)
)) ("d:\Program Files (x86)\MiKTeX 2.9\tex\latex\xcolor\xcolor.sty"
Package: xcolor 2007/01/21 v2.11 LaTeX color extensions (UK)

("d:\Program Files (x86)\MiKTeX 2.9\tex\latex\00miktex\color.cfg"
File: color.cfg 2007/01/18 v1.5 color configuration of teTeX/TeXLive
)
Package xcolor Info: Driver file: pdftex.def on input line 225.
Package xcolor Info: Model `cmy' substituted by `cmy0' on input line 1337.
Package xcolor Info: Model `hsb' substituted by `rgb' on input line 1341.
Package xcolor Info: Model `RGB' extended on input line 1353.
Package xcolor Info: Model `HTML' substituted by `rgb' on input line 1355.
Package xcolor Info: Model `Hsb' substituted by `hsb' on input line 1356.
Package xcolor Info: Model `tHsb' substituted by `hsb' on input line 1357.
Package xcolor Info: Model `HSB' substituted by `hsb' on input line 1358.
Package xcolor Info: Model `Gray' substituted by `gray' on input line 1359.
Package xcolor Info: Model `wave' substituted by `hsb' on input line 1360.
)
("d:\Program Files (x86)\MiKTeX 2.9\tex\generic\pgf\basiclayer\pgfcore.code.tex
"
Package: pgfcore 2010/04/11 v2.10 (rcs-revision 1.7)
 ("d:\Program Files (x86)\MiKTeX 2.9\tex\generic\pgf\math\pgfmath.code.tex"
("d:\Program Files (x86)\MiKTeX 2.9\tex\generic\pgf\math\pgfmathcalc.code.tex"
("d:\Program Files (x86)\MiKTeX 2.9\tex\generic\pgf\math\pgfmathutil.code.tex")
("d:\Program Files (x86)\MiKTeX 2.9\tex\generic\pgf\math\pgfmathparser.code.tex
"
\pgfmath@dimen=\dimen137
\pgfmath@count=\count112
\pgfmath@box=\box35
\pgfmath@toks=\toks20
\pgfmath@stack@operand=\toks21
\pgfmath@stack@operation=\toks22
)
("d:\Program Files (x86)\MiKTeX 2.9\tex\generic\pgf\math\pgfmathfunctions.code.
tex"
("d:\Program Files (x86)\MiKTeX 2.9\tex\generic\pgf\math\pgfmathfunctions.basic
.code.tex")
("d:\Program Files (x86)\MiKTeX 2.9\tex\generic\pgf\math\pgfmathfunctions.trigo
nometric.code.tex")
("d:\Program Files (x86)\MiKTeX 2.9\tex\generic\pgf\math\pgfmathfunctions.rando
m.code.tex")
("d:\Program Files (x86)\MiKTeX 2.9\tex\generic\pgf\math\pgfmathfunctions.compa
rison.code.tex")
("d:\Program Files (x86)\MiKTeX 2.9\tex\generic\pgf\math\pgfmathfunctions.base.
code.tex")
("d:\Program Files (x86)\MiKTeX 2.9\tex\generic\pgf\math\pgfmathfunctions.round
.code.tex")
("d:\Program Files (x86)\MiKTeX 2.9\tex\generic\pgf\math\pgfmathfunctions.misc.
code.tex")))
("d:\Program Files (x86)\MiKTeX 2.9\tex\generic\pgf\math\pgfmathfloat.code.tex"
\c@pgfmathroundto@lastzeros=\count113
))
("d:\Program Files (x86)\MiKTeX 2.9\tex\generic\pgf\basiclayer\pgfcorepoints.co
de.tex"
File: pgfcorepoints.code.tex 2010/04/09  (rcs-revision 1.20)
\pgf@picminx=\dimen138
\pgf@picmaxx=\dimen139
\pgf@picminy=\dimen140
\pgf@picmaxy=\dimen141
\pgf@pathminx=\dimen142
\pgf@pathmaxx=\dimen143
\pgf@pathminy=\dimen144
\pgf@pathmaxy=\dimen145
\pgf@xx=\dimen146
\pgf@xy=\dimen147
\pgf@yx=\dimen148
\pgf@yy=\dimen149
\pgf@zx=\dimen150
\pgf@zy=\dimen151
)
("d:\Program Files (x86)\MiKTeX 2.9\tex\generic\pgf\basiclayer\pgfcorepathconst
ruct.code.tex"
File: pgfcorepathconstruct.code.tex 2010/08/03  (rcs-revision 1.24)
\pgf@path@lastx=\dimen152
\pgf@path@lasty=\dimen153
)
("d:\Program Files (x86)\MiKTeX 2.9\tex\generic\pgf\basiclayer\pgfcorepathusage
.code.tex"
File: pgfcorepathusage.code.tex 2008/04/22  (rcs-revision 1.12)
\pgf@shorten@end@additional=\dimen154
\pgf@shorten@start@additional=\dimen155
)
("d:\Program Files (x86)\MiKTeX 2.9\tex\generic\pgf\basiclayer\pgfcorescopes.co
de.tex"
File: pgfcorescopes.code.tex 2010/09/08  (rcs-revision 1.34)
\pgfpic=\box36
\pgf@hbox=\box37
\pgf@layerbox@main=\box38
\pgf@picture@serial@count=\count114
)
("d:\Program Files (x86)\MiKTeX 2.9\tex\generic\pgf\basiclayer\pgfcoregraphicst
ate.code.tex"
File: pgfcoregraphicstate.code.tex 2008/04/22  (rcs-revision 1.9)
\pgflinewidth=\dimen156
)
("d:\Program Files (x86)\MiKTeX 2.9\tex\generic\pgf\basiclayer\pgfcoretransform
ations.code.tex"
File: pgfcoretransformations.code.tex 2009/06/10  (rcs-revision 1.11)
\pgf@pt@x=\dimen157
\pgf@pt@y=\dimen158
\pgf@pt@temp=\dimen159
)
("d:\Program Files (x86)\MiKTeX 2.9\tex\generic\pgf\basiclayer\pgfcorequick.cod
e.tex"
File: pgfcorequick.code.tex 2008/10/09  (rcs-revision 1.3)
)
("d:\Program Files (x86)\MiKTeX 2.9\tex\generic\pgf\basiclayer\pgfcoreobjects.c
ode.tex"
File: pgfcoreobjects.code.tex 2006/10/11  (rcs-revision 1.2)
)
("d:\Program Files (x86)\MiKTeX 2.9\tex\generic\pgf\basiclayer\pgfcorepathproce
ssing.code.tex"
File: pgfcorepathprocessing.code.tex 2008/10/09  (rcs-revision 1.8)
)
("d:\Program Files (x86)\MiKTeX 2.9\tex\generic\pgf\basiclayer\pgfcorearrows.co
de.tex"
File: pgfcorearrows.code.tex 2008/04/23  (rcs-revision 1.11)
)
("d:\Program Files (x86)\MiKTeX 2.9\tex\generic\pgf\basiclayer\pgfcoreshade.cod
e.tex"
File: pgfcoreshade.code.tex 2008/11/23  (rcs-revision 1.13)
\pgf@max=\dimen160
\pgf@sys@shading@range@num=\count115
)
("d:\Program Files (x86)\MiKTeX 2.9\tex\generic\pgf\basiclayer\pgfcoreimage.cod
e.tex"
File: pgfcoreimage.code.tex 2010/03/25  (rcs-revision 1.16)

("d:\Program Files (x86)\MiKTeX 2.9\tex\generic\pgf\basiclayer\pgfcoreexternal.
code.tex"
File: pgfcoreexternal.code.tex 2010/09/01  (rcs-revision 1.17)
\pgfexternal@startupbox=\box39
))
("d:\Program Files (x86)\MiKTeX 2.9\tex\generic\pgf\basiclayer\pgfcorelayers.co
de.tex"
File: pgfcorelayers.code.tex 2010/08/27  (rcs-revision 1.2)
)
("d:\Program Files (x86)\MiKTeX 2.9\tex\generic\pgf\basiclayer\pgfcoretranspare
ncy.code.tex"
File: pgfcoretransparency.code.tex 2008/01/17  (rcs-revision 1.2)
)
("d:\Program Files (x86)\MiKTeX 2.9\tex\generic\pgf\basiclayer\pgfcorepatterns.
code.tex"
File: pgfcorepatterns.code.tex 2009/07/02  (rcs-revision 1.3)
)))
("d:\Program Files (x86)\MiKTeX 2.9\tex\latex\pgf\utilities\xxcolor.sty"
Package: xxcolor 2003/10/24 ver 0.1
\XC@nummixins=\count116
\XC@countmixins=\count117
)
("d:\Program Files (x86)\MiKTeX 2.9\tex\generic\oberdiek\atbegshi.sty"
Package: atbegshi 2011/10/05 v1.16 At begin shipout hook (HO)
)
("d:\Program Files (x86)\MiKTeX 2.9\tex\latex\hyperref\hyperref.sty"
Package: hyperref 2012/11/06 v6.83m Hypertext links for LaTeX

("d:\Program Files (x86)\MiKTeX 2.9\tex\generic\oberdiek\hobsub-hyperref.sty"
Package: hobsub-hyperref 2012/04/25 v1.12 Bundle oberdiek, subset hyperref (HO)


("d:\Program Files (x86)\MiKTeX 2.9\tex\generic\oberdiek\hobsub-generic.sty"
Package: hobsub-generic 2012/04/25 v1.12 Bundle oberdiek, subset generic (HO)
Package: hobsub 2012/04/25 v1.12 Construct package bundles (HO)
Package hobsub Info: Skipping package `infwarerr' (already loaded).
Package hobsub Info: Skipping package `ltxcmds' (already loaded).
Package: ifluatex 2010/03/01 v1.3 Provides the ifluatex switch (HO)
Package ifluatex Info: LuaTeX not detected.
Package hobsub Info: Skipping package `ifvtex' (already loaded).
Package: intcalc 2007/09/27 v1.1 Expandable calculations with integers (HO)
Package hobsub Info: Skipping package `ifpdf' (already loaded).
Package: etexcmds 2011/02/16 v1.5 Avoid name clashes with e-TeX commands (HO)
Package etexcmds Info: Could not find \expanded.
(etexcmds)             That can mean that you are not using pdfTeX 1.50 or
(etexcmds)             that some package has redefined \expanded.
(etexcmds)             In the latter case, load this package earlier.
Package: kvsetkeys 2012/04/25 v1.16 Key value parser (HO)
Package: kvdefinekeys 2011/04/07 v1.3 Define keys (HO)
Package: pdftexcmds 2011/11/29 v0.20 Utility functions of pdfTeX for LuaTeX (HO
)
Package pdftexcmds Info: LuaTeX not detected.
Package pdftexcmds Info: \pdf@primitive is available.
Package pdftexcmds Info: \pdf@ifprimitive is available.
Package pdftexcmds Info: \pdfdraftmode found.
Package: pdfescape 2011/11/25 v1.13 Implements pdfTeX's escape features (HO)
Package: bigintcalc 2012/04/08 v1.3 Expandable calculations on big integers (HO
)
Package: bitset 2011/01/30 v1.1 Handle bit-vector datatype (HO)
Package: uniquecounter 2011/01/30 v1.2 Provide unlimited unique counter (HO)
)
Package hobsub Info: Skipping package `hobsub' (already loaded).
Package: letltxmacro 2010/09/02 v1.4 Let assignment for LaTeX macros (HO)
Package: hopatch 2011/06/24 v1.1 Wrapper for package hooks (HO)
Package: xcolor-patch 2011/01/30 xcolor patch
Package: atveryend 2011/06/30 v1.8 Hooks at the very end of document (HO)
Package atveryend Info: \enddocument detected (standard20110627).
Package hobsub Info: Skipping package `atbegshi' (already loaded).
Package: refcount 2011/10/16 v3.4 Data extraction from label references (HO)
Package: hycolor 2011/01/30 v1.7 Color options for hyperref/bookmark (HO)
)
("d:\Program Files (x86)\MiKTeX 2.9\tex\latex\oberdiek\auxhook.sty"
Package: auxhook 2011/03/04 v1.3 Hooks for auxiliary files (HO)
)
("d:\Program Files (x86)\MiKTeX 2.9\tex\latex\oberdiek\kvoptions.sty"
Package: kvoptions 2011/06/30 v3.11 Key value format for package options (HO)
)
\@linkdim=\dimen161
\Hy@linkcounter=\count118
\Hy@pagecounter=\count119

("d:\Program Files (x86)\MiKTeX 2.9\tex\latex\hyperref\pd1enc.def"
File: pd1enc.def 2012/11/06 v6.83m Hyperref: PDFDocEncoding definition (HO)
)
\Hy@SavedSpaceFactor=\count120

("d:\Program Files (x86)\MiKTeX 2.9\tex\latex\00miktex\hyperref.cfg"
File: hyperref.cfg 2002/06/06 v1.2 hyperref configuration of TeXLive
)
Package hyperref Info: Option `bookmarks' set `true' on input line 4319.
Package hyperref Info: Option `bookmarksopen' set `true' on input line 4319.
Package hyperref Info: Option `implicit' set `false' on input line 4319.
Package hyperref Info: Hyper figures OFF on input line 4443.
Package hyperref Info: Link nesting OFF on input line 4448.
Package hyperref Info: Hyper index ON on input line 4451.
Package hyperref Info: Plain pages OFF on input line 4458.
Package hyperref Info: Backreferencing OFF on input line 4463.
Package hyperref Info: Implicit mode OFF; no redefinition of LaTeX internals.
Package hyperref Info: Bookmarks ON on input line 4688.
\c@Hy@tempcnt=\count121

("d:\Program Files (x86)\MiKTeX 2.9\tex\latex\url\url.sty"
\Urlmuskip=\muskip10
Package: url 2013/09/16  ver 3.4  Verb mode for urls, etc.
)
LaTeX Info: Redefining \url on input line 5041.
\XeTeXLinkMargin=\dimen162
\Fld@menulength=\count122
\Field@Width=\dimen163
\Fld@charsize=\dimen164
Package hyperref Info: Hyper figures OFF on input line 6295.
Package hyperref Info: Link nesting OFF on input line 6300.
Package hyperref Info: Hyper index ON on input line 6303.
Package hyperref Info: backreferencing OFF on input line 6310.
Package hyperref Info: Link coloring OFF on input line 6315.
Package hyperref Info: Link coloring with OCG OFF on input line 6320.
Package hyperref Info: PDF/A mode OFF on input line 6325.
LaTeX Info: Redefining \ref on input line 6365.
LaTeX Info: Redefining \pageref on input line 6369.
\Hy@abspage=\count123


Package hyperref Message: Stopped early.

)

Package hyperref Message: Driver (autodetected): hpdftex.

("d:\Program Files (x86)\MiKTeX 2.9\tex\latex\hyperref\hpdftex.def"
File: hpdftex.def 2012/11/06 v6.83m Hyperref driver for pdfTeX
\Fld@listcount=\count124
\c@bookmark@seq@number=\count125

("d:\Program Files (x86)\MiKTeX 2.9\tex\latex\oberdiek\rerunfilecheck.sty"
Package: rerunfilecheck 2011/04/15 v1.7 Rerun checks for auxiliary files (HO)
Package uniquecounter Info: New unique counter `rerunfilecheck' on input line 2
82.
))
("d:\Program Files (x86)\MiKTeX 2.9\tex\latex\beamer\base\beamerbaserequires.st
y"
Package: beamerbaserequires 2010/05/01  (rcs-revision efa082c6111d)

("d:\Program Files (x86)\MiKTeX 2.9\tex\latex\beamer\base\beamerbasecompatibili
ty.sty"
Package: beamerbasecompatibility 2012/05/01  (rcs-revision 67c48b3b652d)
)
("d:\Program Files (x86)\MiKTeX 2.9\tex\latex\beamer\base\beamerbasefont.sty"
Package: beamerbasefont 2013/10/18  (rcs-revision 72f39e01808a)

("d:\Program Files (x86)\MiKTeX 2.9\tex\latex\amsfonts\amssymb.sty"
Package: amssymb 2013/01/14 v3.01 AMS font symbols

("d:\Program Files (x86)\MiKTeX 2.9\tex\latex\amsfonts\amsfonts.sty"
Package: amsfonts 2013/01/14 v3.01 Basic AMSFonts support
\@emptytoks=\toks23
\symAMSa=\mathgroup4
\symAMSb=\mathgroup5
LaTeX Font Info:    Overwriting math alphabet `\mathfrak' in version `bold'
(Font)                  U/euf/m/n --> U/euf/b/n on input line 106.
))
("d:\Program Files (x86)\MiKTeX 2.9\tex\latex\sansmathaccent\sansmathaccent.sty
"
Package: sansmathaccent 2013/03/28
 ("d:\Program Files (x86)\MiKTeX 2.9\tex\latex\filehook\filehook.sty"
Package: filehook 2011/10/12 v0.5d Hooks for input files
)))
("d:\Program Files (x86)\MiKTeX 2.9\tex\latex\beamer\base\beamerbasetranslator.
sty"
Package: beamerbasetranslator 2010/06/11  (rcs-revision 85fd1cc7fc42)

("d:\Program Files (x86)\MiKTeX 2.9\tex\latex\beamer\base\translator\translator
.sty"
Package: translator 2010/06/12 ver 1.10

("d:\Program Files (x86)\MiKTeX 2.9\tex\latex\beamer\base\translator\translator
-language-mappings.tex")))
("d:\Program Files (x86)\MiKTeX 2.9\tex\latex\beamer\base\beamerbasemisc.sty"
Package: beamerbasemisc 2013/09/03  (rcs-revision a55719c41d85)
)
("d:\Program Files (x86)\MiKTeX 2.9\tex\latex\beamer\base\beamerbasetwoscreens.
sty"
Package: beamerbasetwoscreens 2010/05/01  (rcs-revision efa082c6111d)
)
("d:\Program Files (x86)\MiKTeX 2.9\tex\latex\beamer\base\beamerbaseoverlay.sty
"
Package: beamerbaseoverlay 2013/12/25  (rcs-revision f6bd5e3805da)
\beamer@argscount=\count126
\beamer@lastskipcover=\skip44
\beamer@trivlistdepth=\count127
) ("d:\Program Files (x86)\MiKTeX 2.9\tex\latex\beamer\base\beamerbasetitle.sty
"
Package: beamerbasetitle 2010/09/21  (rcs-revision f0446ed0b6ae)
)
("d:\Program Files (x86)\MiKTeX 2.9\tex\latex\beamer\base\beamerbasesection.sty
"
Package: beamerbasesection 2013/06/07  (rcs-revision 60b9fe0f342f)
\c@lecture=\count128
\c@part=\count129
\c@section=\count130
\c@subsection=\count131
\c@subsubsection=\count132
) ("d:\Program Files (x86)\MiKTeX 2.9\tex\latex\beamer\base\beamerbaseframe.sty
"
Package: beamerbaseframe 2013/10/02  (rcs-revision cdc8e9a3aaac)
\beamer@framebox=\box40
\beamer@frametitlebox=\box41
\beamer@zoombox=\box42
\beamer@zoomcount=\count133
\beamer@zoomframecount=\count134
\beamer@frametextheight=\dimen165
\c@subsectionslide=\count135
\beamer@frametopskip=\skip45
\beamer@framebottomskip=\skip46
\beamer@frametopskipautobreak=\skip47
\beamer@framebottomskipautobreak=\skip48
\beamer@envbody=\toks24
\framewidth=\dimen166
\c@framenumber=\count136
)
("d:\Program Files (x86)\MiKTeX 2.9\tex\latex\beamer\base\beamerbaseverbatim.st
y"
Package: beamerbaseverbatim 2012/08/30  (rcs-revision dfdb135076b3)
\beamer@verbatimfileout=\write4
)
("d:\Program Files (x86)\MiKTeX 2.9\tex\latex\beamer\base\beamerbaseframesize.s
ty"
Package: beamerbaseframesize 2011/09/12  (rcs-revision 70f9d8411e54)
\beamer@splitbox=\box43
\beamer@autobreakcount=\count137
\beamer@autobreaklastheight=\dimen167
\beamer@frametitletoks=\toks25
\beamer@framesubtitletoks=\toks26
)
("d:\Program Files (x86)\MiKTeX 2.9\tex\latex\beamer\base\beamerbaseframecompon
ents.sty"
Package: beamerbaseframecomponents 2013/10/18  (rcs-revision 5cf6c5555a45)
\beamer@footins=\box44
)
("d:\Program Files (x86)\MiKTeX 2.9\tex\latex\beamer\base\beamerbasecolor.sty"
Package: beamerbasecolor 2010/06/06  (rcs-revision d1a9b48be06d)
) ("d:\Program Files (x86)\MiKTeX 2.9\tex\latex\beamer\base\beamerbasenotes.sty
"
Package: beamerbasenotes 2012/12/19  (rcs-revision 1686da3db3c9)
\beamer@frameboxcopy=\box45
) ("d:\Program Files (x86)\MiKTeX 2.9\tex\latex\beamer\base\beamerbasetoc.sty"
Package: beamerbasetoc 2013/05/23  (rcs-revision 0fdf5bc43be8)
)
("d:\Program Files (x86)\MiKTeX 2.9\tex\latex\beamer\base\beamerbasetemplates.s
ty"
Package: beamerbasetemplates 2010/05/01  (rcs-revision efa082c6111d)
\beamer@sbttoks=\toks27

("d:\Program Files (x86)\MiKTeX 2.9\tex\latex\beamer\base\beamerbaseauxtemplate
s.sty"
Package: beamerbaseauxtemplates 2013/09/04  (rcs-revision 4ac715c499d0)

("d:\Program Files (x86)\MiKTeX 2.9\tex\latex\beamer\base\beamerbaseboxes.sty"
Package: beamerbaseboxes 2012/05/13  (rcs-revision 56972908a390)
\bmb@box=\box46
\bmb@colorbox=\box47
\bmb@boxshadow=\box48
\bmb@boxshadowball=\box49
\bmb@boxshadowballlarge=\box50
\bmb@temp=\dimen168
\bmb@dima=\dimen169
\bmb@dimb=\dimen170
\bmb@prevheight=\dimen171
)
\beamer@blockheadheight=\dimen172
))
("d:\Program Files (x86)\MiKTeX 2.9\tex\latex\beamer\base\beamerbaselocalstruct
ure.sty"
Package: beamerbaselocalstructure 2013/09/04  (rcs-revision 4ac715c499d0)
 ("d:\Program Files (x86)\MiKTeX 2.9\tex\latex\tools\enumerate.sty"
Package: enumerate 1999/03/05 v3.00 enumerate extensions (DPC)
\@enLab=\toks28
)
\c@figure=\count138
\c@table=\count139
\abovecaptionskip=\skip49
\belowcaptionskip=\skip50
)
("d:\Program Files (x86)\MiKTeX 2.9\tex\latex\beamer\base\beamerbasenavigation.
sty"
Package: beamerbasenavigation 2013/10/05  (rcs-revision 62be157fe783)
\beamer@section@min@dim=\dimen173
)
("d:\Program Files (x86)\MiKTeX 2.9\tex\latex\beamer\base\beamerbasetheorems.st
y"
Package: beamerbasetheorems 2010/06/06  (rcs-revision 7e7cc5e53e9d)
 ("d:\Program Files (x86)\MiKTeX 2.9\tex\latex\amsmath\amsmath.sty"
Package: amsmath 2013/01/14 v2.14 AMS math features
\@mathmargin=\skip51

For additional information on amsmath, use the `?' option.
("d:\Program Files (x86)\MiKTeX 2.9\tex\latex\amsmath\amstext.sty"
Package: amstext 2000/06/29 v2.01

("d:\Program Files (x86)\MiKTeX 2.9\tex\latex\amsmath\amsgen.sty"
File: amsgen.sty 1999/11/30 v2.0
\@emptytoks=\toks29
\ex@=\dimen174
))
("d:\Program Files (x86)\MiKTeX 2.9\tex\latex\amsmath\amsbsy.sty"
Package: amsbsy 1999/11/29 v1.2d
\pmbraise@=\dimen175
)
("d:\Program Files (x86)\MiKTeX 2.9\tex\latex\amsmath\amsopn.sty"
Package: amsopn 1999/12/14 v2.01 operator names
)
\inf@bad=\count140
LaTeX Info: Redefining \frac on input line 210.
\uproot@=\count141
\leftroot@=\count142
LaTeX Info: Redefining \overline on input line 306.
\classnum@=\count143
\DOTSCASE@=\count144
LaTeX Info: Redefining \ldots on input line 378.
LaTeX Info: Redefining \dots on input line 381.
LaTeX Info: Redefining \cdots on input line 466.
\Mathstrutbox@=\box51
\strutbox@=\box52
\big@size=\dimen176
LaTeX Font Info:    Redeclaring font encoding OML on input line 566.
LaTeX Font Info:    Redeclaring font encoding OMS on input line 567.
\macc@depth=\count145
\c@MaxMatrixCols=\count146
\dotsspace@=\muskip11
\c@parentequation=\count147
\dspbrk@lvl=\count148
\tag@help=\toks30
\row@=\count149
\column@=\count150
\maxfields@=\count151
\andhelp@=\toks31
\eqnshift@=\dimen177
\alignsep@=\dimen178
\tagshift@=\dimen179
\tagwidth@=\dimen180
\totwidth@=\dimen181
\lineht@=\dimen182
\@envbody=\toks32
\multlinegap=\skip52
\multlinetaggap=\skip53
\mathdisplay@stack=\toks33
LaTeX Info: Redefining \[ on input line 2665.
LaTeX Info: Redefining \] on input line 2666.
)
("d:\Program Files (x86)\MiKTeX 2.9\tex\latex\amscls\amsthm.sty"
Package: amsthm 2004/08/06 v2.20
\thm@style=\toks34
\thm@bodyfont=\toks35
\thm@headfont=\toks36
\thm@notefont=\toks37
\thm@headpunct=\toks38
\thm@preskip=\skip54
\thm@postskip=\skip55
\thm@headsep=\skip56
\dth@everypar=\toks39
)
\c@theorem=\count152
)
("d:\Program Files (x86)\MiKTeX 2.9\tex\latex\beamer\base\beamerbasethemes.sty"
Package: beamerbasethemes 2010/05/01  (rcs-revision efa082c6111d)
))
("d:\Program Files (x86)\MiKTeX 2.9\tex\latex\beamer\base\themes\theme\beamerth
emedefault.sty"
Package: beamerthemedefault 2010/06/17  (rcs-revision d02a7cf4d8ae)

("d:\Program Files (x86)\MiKTeX 2.9\tex\latex\beamer\base\themes\font\beamerfon
tthemedefault.sty"
Package: beamerfontthemedefault 2012/12/19  (rcs-revision 1686da3db3c9)
)
("d:\Program Files (x86)\MiKTeX 2.9\tex\latex\beamer\base\themes\color\beamerco
lorthemedefault.sty"
Package: beamercolorthemedefault 2012/12/19  (rcs-revision 1686da3db3c9)
)
("d:\Program Files (x86)\MiKTeX 2.9\tex\latex\beamer\base\themes\inner\beamerin
nerthemedefault.sty"
Package: beamerinnerthemedefault 2013/10/15  (rcs-revision 65cb471f9634)
\beamer@dima=\dimen183
\beamer@dimb=\dimen184
)
("d:\Program Files (x86)\MiKTeX 2.9\tex\latex\beamer\base\themes\outer\beamerou
terthemedefault.sty"
Package: beamerouterthemedefault 2012/12/19  (rcs-revision 1686da3db3c9)
)))
("d:\Program Files (x86)\MiKTeX 2.9\tex\latex\caption\caption.sty"
Package: caption 2013/05/02 v3.3-89 Customizing captions (AR)

("d:\Program Files (x86)\MiKTeX 2.9\tex\latex\caption\caption3.sty"
Package: caption3 2013/05/02 v1.6-88 caption3 kernel (AR)
Package caption3 Info: TeX engine: e-TeX on input line 57.
\captionmargin=\dimen185
\captionmargin@=\dimen186
\captionwidth=\dimen187
\caption@tempdima=\dimen188
\caption@indent=\dimen189
\caption@parindent=\dimen190
\caption@hangindent=\dimen191
)
\c@ContinuedFloat=\count153
Package caption Info: beamer document class.
Package caption Info: hyperref package is loaded.
Package caption Info: Hyperref support is turned off
(caption)             because hyperref has stopped early.
)
("d:\Program Files (x86)\MiKTeX 2.9\tex\latex\beamer\base\themes\theme\beamerth
emeBoadilla.sty"
Package: beamerthemeBoadilla 2010/06/17  (rcs-revision d02a7cf4d8ae)

("d:\Program Files (x86)\MiKTeX 2.9\tex\latex\beamer\base\themes\color\beamerco
lorthemerose.sty"
Package: beamercolorthemerose 2010/06/17  (rcs-revision d02a7cf4d8ae)
)
("d:\Program Files (x86)\MiKTeX 2.9\tex\latex\beamer\base\themes\inner\beamerin
nerthemerounded.sty"
Package: beamerinnerthemerounded 2010/06/17  (rcs-revision d02a7cf4d8ae)
)
("d:\Program Files (x86)\MiKTeX 2.9\tex\latex\beamer\base\themes\color\beamerco
lorthemedolphin.sty"
Package: beamercolorthemedolphin 2010/06/17  (rcs-revision d02a7cf4d8ae)
)
("d:\Program Files (x86)\MiKTeX 2.9\tex\latex\beamer\base\themes\outer\beamerou
terthemeinfolines.sty"
Package: beamerouterthemeinfolines 2012/10/16  (rcs-revision 51a8c72084af)
))
("d:\Program Files (x86)\MiKTeX 2.9\tex\latex\beamer\base\themes\font\beamerfon
tthemestructurebold.sty"
Package: beamerfontthemestructurebold 2010/06/17  (rcs-revision d02a7cf4d8ae)
)
("d:\Program Files (x86)\MiKTeX 2.9\tex\latex\beamer\base\themes\outer\beamerou
terthememiniframes.sty"
Package: beamerouterthememiniframes 2010/06/17  (rcs-revision d02a7cf4d8ae)
)
("d:\Program Files (x86)\MiKTeX 2.9\tex\latex\etoolbox\etoolbox.sty"
Package: etoolbox 2011/01/03 v2.1 e-TeX tools for LaTeX

("d:\Program Files (x86)\MiKTeX 2.9\tex\latex\misc\etex.sty"
Package: etex 1998/03/26 v2.0 eTeX basic definition package (PEB)
\et@xins=\count154
)
\etb@tempcnta=\count155
)
("d:\Program Files (x86)\MiKTeX 2.9\tex\latex\wrapfig\wrapfig.sty"
\wrapoverhang=\dimen192
\WF@size=\dimen193
\c@WF@wrappedlines=\count156
\WF@box=\box53
\WF@everypar=\toks40
Package: wrapfig 2003/01/31  v 3.6
)
("d:\Program Files (x86)\MiKTeX 2.9\tex\generic\babel\babel.sty"
Package: babel 2008/07/08 v3.8m The Babel package

*************************************
* Local config file bblopts.cfg used
*
("d:\Program Files (x86)\MiKTeX 2.9\tex\latex\00miktex\bblopts.cfg"
File: bblopts.cfg 2006/07/31 v1.0 MiKTeX 'babel' configuration
)
("d:\Program Files (x86)\MiKTeX 2.9\tex\generic\babel\english.ldf"
Language: english 2005/03/30 v3.3o English support from the babel system

("d:\Program Files (x86)\MiKTeX 2.9\tex\generic\babel\babel.def"
File: babel.def 2008/07/08 v3.8m Babel common definitions
LaTeX Info: Redefining \textlatin on input line 82.
\babel@savecnt=\count157
\U@D=\dimen194
)
\l@canadian = a dialect from \language\l@american 
\l@australian = a dialect from \language\l@british 
\l@newzealand = a dialect from \language\l@british 
))
("D:\Dissertation_proj\Template\UT thesis template\Presentation_file\Amazon_Pre
sentation_Yang.aux"

LaTeX Warning: Label `fig: PowerCurve_independenceWkCor_on_AR1data_h0.001_RVsim
ulatedU' multiply defined.

)
LaTeX Font Info:    Checking defaults for OML/cmm/m/it on input line 21.
LaTeX Font Info:    ... okay on input line 21.
LaTeX Font Info:    Checking defaults for T1/cmr/m/n on input line 21.
LaTeX Font Info:    ... okay on input line 21.
LaTeX Font Info:    Checking defaults for OT1/cmr/m/n on input line 21.
LaTeX Font Info:    ... okay on input line 21.
LaTeX Font Info:    Checking defaults for OMS/cmsy/m/n on input line 21.
LaTeX Font Info:    ... okay on input line 21.
LaTeX Font Info:    Checking defaults for OMX/cmex/m/n on input line 21.
LaTeX Font Info:    ... okay on input line 21.
LaTeX Font Info:    Checking defaults for U/cmr/m/n on input line 21.
LaTeX Font Info:    ... okay on input line 21.
LaTeX Font Info:    Checking defaults for PD1/pdf/m/n on input line 21.
LaTeX Font Info:    ... okay on input line 21.

*geometry* driver: auto-detecting
*geometry* detected driver: pdftex
*geometry* verbose mode - [ preamble ] result:
* driver: pdftex
* paper: custom
* layout: <same size as paper>
* layoutoffset:(h,v)=(0.0pt,0.0pt)
* modes: includehead includefoot 
* h-part:(L,W,R)=(10.95003pt, 342.2953pt, 10.95003pt)
* v-part:(T,H,B)=(0.0pt, 273.14662pt, 0.0pt)
* \paperwidth=364.19536pt
* \paperheight=273.14662pt
* \textwidth=342.2953pt
* \textheight=244.6939pt
* \oddsidemargin=-61.31996pt
* \evensidemargin=-61.31996pt
* \topmargin=-72.26999pt
* \headheight=14.22636pt
* \headsep=0.0pt
* \topskip=11.0pt
* \footskip=14.22636pt
* \marginparwidth=4.0pt
* \marginparsep=10.0pt
* \columnsep=10.0pt
* \skip\footins=10.0pt plus 4.0pt minus 2.0pt
* \hoffset=0.0pt
* \voffset=0.0pt
* \mag=1000
* \@twocolumnfalse
* \@twosidefalse
* \@mparswitchfalse
* \@reversemarginfalse
* (1in=72.27pt=25.4mm, 1cm=28.453pt)

("d:\Program Files (x86)\MiKTeX 2.9\tex\context\base\supp-pdf.mkii"
[Loading MPS to PDF converter (version 2006.09.02).]
\scratchcounter=\count158
\scratchdimen=\dimen195
\scratchbox=\box54
\nofMPsegments=\count159
\nofMParguments=\count160
\everyMPshowfont=\toks41
\MPscratchCnt=\count161
\MPscratchDim=\dimen196
\MPnumerator=\count162
\makeMPintoPDFobject=\count163
\everyMPtoPDFconversion=\toks42
) ABD: EveryShipout initializing macros
\AtBeginShipoutBox=\box55
Package hyperref Info: Link coloring OFF on input line 21.

("d:\Program Files (x86)\MiKTeX 2.9\tex\latex\hyperref\nameref.sty"
Package: nameref 2012/10/27 v2.43 Cross-referencing by name of section

("d:\Program Files (x86)\MiKTeX 2.9\tex\generic\oberdiek\gettitlestring.sty"
Package: gettitlestring 2010/12/03 v1.4 Cleanup title references (HO)
)
\c@section@level=\count164
)
LaTeX Info: Redefining \ref on input line 21.
LaTeX Info: Redefining \pageref on input line 21.
LaTeX Info: Redefining \nameref on input line 21.

("D:\Dissertation_proj\Template\UT thesis template\Presentation_file\Amazon_Pre
sentation_Yang.out")
("D:\Dissertation_proj\Template\UT thesis template\Presentation_file\Amazon_Pre
sentation_Yang.out")
\@outlinefile=\write5
LaTeX Font Info:    Overwriting symbol font `operators' in version `normal'
(Font)                  OT1/cmr/m/n --> OT1/cmss/m/n on input line 21.
LaTeX Font Info:    Overwriting symbol font `operators' in version `bold'
(Font)                  OT1/cmr/bx/n --> OT1/cmss/bx/n on input line 21.
\symnumbers=\mathgroup6
\sympureletters=\mathgroup7
LaTeX Font Info:    Overwriting math alphabet `\mathrm' in version `normal'
(Font)                  OT1/cmss/m/n --> OT1/cmr/m/n on input line 21.
LaTeX Font Info:    Redeclaring math alphabet \mathbf on input line 21.
LaTeX Font Info:    Overwriting math alphabet `\mathbf' in version `normal'
(Font)                  OT1/cmr/bx/n --> OT1/cmss/bx/n on input line 21.
LaTeX Font Info:    Overwriting math alphabet `\mathbf' in version `bold'
(Font)                  OT1/cmr/bx/n --> OT1/cmss/bx/n on input line 21.
LaTeX Font Info:    Redeclaring math alphabet \mathsf on input line 21.
LaTeX Font Info:    Overwriting math alphabet `\mathsf' in version `normal'
(Font)                  OT1/cmss/m/n --> OT1/cmss/m/n on input line 21.
LaTeX Font Info:    Overwriting math alphabet `\mathsf' in version `bold'
(Font)                  OT1/cmss/bx/n --> OT1/cmss/m/n on input line 21.
LaTeX Font Info:    Redeclaring math alphabet \mathit on input line 21.
LaTeX Font Info:    Overwriting math alphabet `\mathit' in version `normal'
(Font)                  OT1/cmr/m/it --> OT1/cmss/m/it on input line 21.
LaTeX Font Info:    Overwriting math alphabet `\mathit' in version `bold'
(Font)                  OT1/cmr/bx/it --> OT1/cmss/m/it on input line 21.
LaTeX Font Info:    Redeclaring math alphabet \mathtt on input line 21.
LaTeX Font Info:    Overwriting math alphabet `\mathtt' in version `normal'
(Font)                  OT1/cmtt/m/n --> OT1/cmtt/m/n on input line 21.
LaTeX Font Info:    Overwriting math alphabet `\mathtt' in version `bold'
(Font)                  OT1/cmtt/m/n --> OT1/cmtt/m/n on input line 21.
LaTeX Font Info:    Overwriting symbol font `numbers' in version `bold'
(Font)                  OT1/cmss/m/n --> OT1/cmss/bx/n on input line 21.
LaTeX Font Info:    Overwriting symbol font `pureletters' in version `bold'
(Font)                  OT1/cmss/m/it --> OT1/cmss/bx/it on input line 21.
LaTeX Font Info:    Overwriting math alphabet `\mathrm' in version `bold'
(Font)                  OT1/cmss/bx/n --> OT1/cmr/bx/n on input line 21.
LaTeX Font Info:    Overwriting math alphabet `\mathbf' in version `bold'
(Font)                  OT1/cmss/bx/n --> OT1/cmss/bx/n on input line 21.
LaTeX Font Info:    Overwriting math alphabet `\mathsf' in version `bold'
(Font)                  OT1/cmss/m/n --> OT1/cmss/bx/n on input line 21.
LaTeX Font Info:    Overwriting math alphabet `\mathit' in version `bold'
(Font)                  OT1/cmss/m/it --> OT1/cmss/bx/it on input line 21.
LaTeX Font Info:    Overwriting math alphabet `\mathtt' in version `bold'
(Font)                  OT1/cmtt/m/n --> OT1/cmtt/bx/n on input line 21.
LaTeX Font Info:    Redeclaring symbol font `pureletters' on input line 21.
LaTeX Font Info:    Overwriting symbol font `pureletters' in version `normal'
(Font)                  OT1/cmss/m/it --> OT1/mathkerncmss/m/sl on input line 2
1.
LaTeX Font Info:    Overwriting symbol font `pureletters' in version `bold'
(Font)                  OT1/cmss/bx/it --> OT1/mathkerncmss/m/sl on input line 
21.
LaTeX Font Info:    Overwriting symbol font `pureletters' in version `bold'
(Font)                  OT1/mathkerncmss/m/sl --> OT1/mathkerncmss/bx/sl on inp
ut line 21.

("d:\Program Files (x86)\MiKTeX 2.9\tex\latex\beamer\base\translator\dicts\tran
slator-basic-dictionary\translator-basic-dictionary-English.dict"
Dictionary: translator-basic-dictionary, Language: English 
)
("d:\Program Files (x86)\MiKTeX 2.9\tex\latex\beamer\base\translator\dicts\tran
slator-bibliography-dictionary\translator-bibliography-dictionary-English.dict"
Dictionary: translator-bibliography-dictionary, Language: English 
)
("d:\Program Files (x86)\MiKTeX 2.9\tex\latex\beamer\base\translator\dicts\tran
slator-environment-dictionary\translator-environment-dictionary-English.dict"
Dictionary: translator-environment-dictionary, Language: English 
)
("d:\Program Files (x86)\MiKTeX 2.9\tex\latex\beamer\base\translator\dicts\tran
slator-months-dictionary\translator-months-dictionary-English.dict"
Dictionary: translator-months-dictionary, Language: English 
)
("d:\Program Files (x86)\MiKTeX 2.9\tex\latex\beamer\base\translator\dicts\tran
slator-numbers-dictionary\translator-numbers-dictionary-English.dict"
Dictionary: translator-numbers-dictionary, Language: English 
)
("d:\Program Files (x86)\MiKTeX 2.9\tex\latex\beamer\base\translator\dicts\tran
slator-theorem-dictionary\translator-theorem-dictionary-English.dict"
Dictionary: translator-theorem-dictionary, Language: English 
)
LaTeX Info: Redefining \includegraphics on input line 21.
Package caption Info: Begin \AtBeginDocument code.
Package caption Info: Incompatible package detected (regarding \caption).
(caption)             \caption = macro:->\ifx \@captype \@undefined \@latex@err
or {\noexpand \caption outside figure or table}\@ehd \expandafter \@gobble \els
e \refstepcounter \@captype \expandafter \@firstofone \fi {\@dblarg {\@caption 
\@captype }}.


Package caption Warning: \caption will not be redefined since it's already
(caption)                redefined by a document class or package which is
(caption)                unknown to the caption package.
See the caption package documentation for explanation.

Package caption Info: wrapfig package is loaded.
Package caption Info: End \AtBeginDocument code.

("D:\Dissertation_proj\Template\UT thesis template\Presentation_file\Amazon_Pre
sentation_Yang.nav")
Overfull \hbox (13.01083pt too wide) detected at line 21
  [] [][][][][][][][][][][][][][][][][][] [] [] [][][][][][][][][][][][][][][][
][][][][][][][][][][][][][][][][][][][][][][][][][][][][][][][] [] []  
 []


Package hyperref Warning: Option `pdfauthor' has already been used,
(hyperref)                setting the option has no effect on input line 30.

LaTeX Font Info:    Try loading font information for U+msa on input line 44.
("d:\Program Files (x86)\MiKTeX 2.9\tex\latex\amsfonts\umsa.fd"
File: umsa.fd 2013/01/14 v3.01 AMS symbols A
)
LaTeX Font Info:    Try loading font information for U+msb on input line 44.

("d:\Program Files (x86)\MiKTeX 2.9\tex\latex\amsfonts\umsb.fd"
File: umsb.fd 2013/01/14 v3.01 AMS symbols B
)
LaTeX Font Info:    Try loading font information for OT1+mathkerncmss on input 
line 44.

("d:\Program Files (x86)\MiKTeX 2.9\tex\latex\sansmathaccent\ot1mathkerncmss.fd
"
File: ot1mathkerncmss.fd 2013/03/27 Fontinst v1.933 font definitions for OT1/ma
thkerncmss.
)

LaTeX Font Warning: Font shape `OT1/cmss/bx/n' in size <4> not available
(Font)              size <5> substituted on input line 44.


LaTeX Font Warning: Font shape `OT1/cmss/m/n' in size <4> not available
(Font)              size <5> substituted on input line 44.


Overfull \hbox (13.01083pt too wide) has occurred while \output is active
  [] [][][][][][][][][][][][][][][][][][] [] [] [][][][][][][][][][][][][][][][
][][][][][][][][][][][][][][][][][][][][][][][][][][][][][][][] [] []  
 []

[1{C:/ProgramData/MiKTeX/2.9/pdftex/config/pdftex.map}

]
("D:\Dissertation_proj\Template\UT thesis template\Presentation_file\Amazon_Pre
sentation_Yang.toc")
Overfull \hbox (13.01083pt too wide) has occurred while \output is active
  [] [][][][][][][][][][][][][][][][][][] [] [] [][][][][][][][][][][][][][][][
][][][][][][][][][][][][][][][][][][][][][][][][][][][][][][][] [] []  
 []

[2

]
("D:\Dissertation_proj\Template\UT thesis template\Presentation_file\Amazon_Pre
sentation_Yang.toc")
Overfull \hbox (13.01083pt too wide) has occurred while \output is active
  [] [][][][][][][][][][][][][][][][][][] [] [] [][][][][][][][][][][][][][][][
][][][][][][][][][][][][][][][][][][][][][][][][][][][][][][][] [] []  
 []

[3

] <figure/2000px-Dna-SNP.svg.png, id=493, 2007.5pt x 2514.39375pt>
File: figure/2000px-Dna-SNP.svg.png Graphic file (type png)

<use figure/2000px-Dna-SNP.svg.png>
Package pdftex.def Info: figure/2000px-Dna-SNP.svg.png used on input line 97.
(pdftex.def)             Requested size: 117.25908pt x 146.87749pt.
Missing character: There is no â in font cmss10!
Missing character: There is no € in font cmss10!
Missing character: There is no ” in font cmss10!
Missing character: There is no â in font cmss10!
Missing character: There is no € in font cmss10!
Missing character: There is no ” in font cmss10!

Overfull \hbox (13.01083pt too wide) has occurred while \output is active
  [] [][][][][][][][][][][][][][][][][][] [] [] [][][][][][][][][][][][][][][][
][][][][][][][][][][][][][][][][][][][][][][][][][][][][][][][] [] []  
 []

[4

 <D:/Dissertation_proj/Template/UT thesis template/Presentation_file/figure/200
0px-Dna-SNP.svg.png>]
<figure/gwas_flowchart.jpg, id=590, 508.14844pt x 466.74374pt>
File: figure/gwas_flowchart.jpg Graphic file (type jpg)

<use figure/gwas_flowchart.jpg>
Package pdftex.def Info: figure/gwas_flowchart.jpg used on input line 121.
(pdftex.def)             Requested size: 213.21153pt x 195.8354pt.

Overfull \hbox (13.01083pt too wide) has occurred while \output is active
  [] [][][][][][][][][][][][][][][][][][] [] [] [][][][][][][][][][][][][][][][
][][][][][][][][][][][][][][][][][][][][][][][][][][][][][][][] [] []  
 []

[5

 <D:/Dissertation_proj/Template/UT thesis template/Presentation_file/figure/gwa
s_flowchart.jpg>] <figure/GWAS_top10.jpg, id=685, 271.0125pt x 212.29312pt>
File: figure/GWAS_top10.jpg Graphic file (type jpg)

<use figure/GWAS_top10.jpg>
Package pdftex.def Info: figure/GWAS_top10.jpg used on input line 133.
(pdftex.def)             Requested size: 218.76215pt x 171.35458pt.

Overfull \vbox (4.03473pt too high) detected at line 133
 []


Overfull \hbox (13.01083pt too wide) has occurred while \output is active
  [] [][][][][][][][][][][][][][][][][][] [] [] [][][][][][][][][][][][][][][][
][][][][][][][][][][][][][][][][][][][][][][][][][][][][][][][] [] []  
 []

[6

 <D:/Dissertation_proj/Template/UT thesis template/Presentation_file/figure/GWA
S_top10.jpg>]
<figure/2012_GWAS_catalog.jpg, id=784, 1505.625pt x 1129.21875pt>
File: figure/2012_GWAS_catalog.jpg Graphic file (type jpg)

<use figure/2012_GWAS_catalog.jpg>
Package pdftex.def Info: figure/2012_GWAS_catalog.jpg used on input line 145.
(pdftex.def)             Requested size: 228.45303pt x 171.35458pt.

Overfull \hbox (13.01083pt too wide) has occurred while \output is active
  [] [][][][][][][][][][][][][][][][][][] [] [] [][][][][][][][][][][][][][][][
][][][][][][][][][][][][][][][][][][][][][][][][][][][][][][][] [] []  
 []

[7

 <D:/Dissertation_proj/Template/UT thesis template/Presentation_file/figure/201
2_GWAS_catalog.jpg>]
<figure/GWAS_Disease_allele_effects.png, id=880, 463.0098pt x 341.3553pt>
File: figure/GWAS_Disease_allele_effects.png Graphic file (type png)

<use figure/GWAS_Disease_allele_effects.png>
Package pdftex.def Info: figure/GWAS_Disease_allele_effects.png used on input l
ine 158.
(pdftex.def)             Requested size: 232.42982pt x 171.35458pt.

Overfull \hbox (13.01083pt too wide) has occurred while \output is active
  [] [][][][][][][][][][][][][][][][][][] [] [] [][][][][][][][][][][][][][][][
][][][][][][][][][][][][][][][][][][][][][][][][][][][][][][][] [] []  
 []

[8

 <D:/Dissertation_proj/Template/UT thesis template/Presentation_file/figure/GWA
S_Disease_allele_effects.png>]
("D:\Dissertation_proj\Template\UT thesis template\Presentation_file\Amazon_Pre
sentation_Yang.toc")
Overfull \hbox (13.01083pt too wide) has occurred while \output is active
  [] [][][][][][][][][][][][][][][][][][] [] [] [][][][][][][][][][][][][][][][
][][][][][][][][][][][][][][][][][][][][][][][][][][][][][][][] [] []  
 []

[9

]
Overfull \hbox (13.01083pt too wide) has occurred while \output is active
  [] [][][][][][][][][][][][][][][][][][] [] [] [][][][][][][][][][][][][][][][
][][][][][][][][][][][][][][][][][][][][][][][][][][][][][][][] [] []  
 []

[10

] <figure/SNP-set_assoc_test_demo.jpg, id=1187, 722.7pt x 542.025pt>
File: figure/SNP-set_assoc_test_demo.jpg Graphic file (type jpg)

<use figure/SNP-set_assoc_test_demo.jpg>
Package pdftex.def Info: figure/SNP-set_assoc_test_demo.jpg used on input line 
212.
(pdftex.def)             Requested size: 228.46773pt x 171.35458pt.

Overfull \hbox (13.01083pt too wide) has occurred while \output is active
  [] [][][][][][][][][][][][][][][][][][] [] [] [][][][][][][][][][][][][][][][
][][][][][][][][][][][][][][][][][][][][][][][][][][][][][][][] [] []  
 []

[11

 <D:/Dissertation_proj/Template/UT thesis template/Presentation_file/figure/SNP
-set_assoc_test_demo.jpg>]
Overfull \hbox (13.01083pt too wide) has occurred while \output is active
  [] [][][][][][][][][][][][][][][][][][] [] [] [][][][][][][][][][][][][][][][
][][][][][][][][][][][][][][][][][][][][][][][][][][][][][][][] [] []  
 []

[12


]
("D:\Dissertation_proj\Template\UT thesis template\Presentation_file\Amazon_Pre
sentation_Yang.toc")
Overfull \hbox (13.01083pt too wide) has occurred while \output is active
  [] [][][][][][][][][][][][][][][][][][] [] [] [][][][][][][][][][][][][][][][
][][][][][][][][][][][][][][][][][][][][][][][][][][][][][][][] [] []  
 []

[13

] <figure/longi_look.jpg, id=1525, 592.46344pt x 318.43968pt>
File: figure/longi_look.jpg Graphic file (type jpg)

<use figure/longi_look.jpg>
Package pdftex.def Info: figure/longi_look.jpg used on input line 265.
(pdftex.def)             Requested size: 273.26875pt x 146.87749pt.

Overfull \hbox (13.01083pt too wide) has occurred while \output is active
  [] [][][][][][][][][][][][][][][][][][] [] [] [][][][][][][][][][][][][][][][
][][][][][][][][][][][][][][][][][][][][][][][][][][][][][][][] [] []  
 []

[14

 <D:/Dissertation_proj/Template/UT thesis template/Presentation_file/figure/lon
gi_look.jpg>]
<figure/longi_advantage1.jpg, id=1625, 579.66562pt x 207.77625pt>
File: figure/longi_advantage1.jpg Graphic file (type jpg)

<use figure/longi_advantage1.jpg>
Package pdftex.def Info: figure/longi_advantage1.jpg used on input line 297.
(pdftex.def)             Requested size: 273.83728pt x 98.15576pt.

<figure/longi_advantage5.jpg, id=1628, 1121.69063pt x 280.79906pt>
File: figure/longi_advantage5.jpg Graphic file (type jpg)

<use figure/longi_advantage5.jpg>
Package pdftex.def Info: figure/longi_advantage5.jpg used on input line 307.
(pdftex.def)             Requested size: 342.2953pt x 85.68857pt.

Overfull \hbox (13.01083pt too wide) has occurred while \output is active
  [] [][][][][][][][][][][][][][][][][][] [] [] [][][][][][][][][][][][][][][][
][][][][][][][][][][][][][][][][][][][][][][][][][][][][][][][] [] []  
 []

[15

]
Overfull \hbox (13.01083pt too wide) has occurred while \output is active
  [] [][][][][][][][][][][][][][][][][][] [] [] [][][][][][][][][][][][][][][][
][][][][][][][][][][][][][][][][][][][][][][][][][][][][][][][] [] []  
 []

[16


]
Overfull \hbox (13.01083pt too wide) has occurred while \output is active
  [] [][][][][][][][][][][][][][][][][][] [] [] [][][][][][][][][][][][][][][][
][][][][][][][][][][][][][][][][][][][][][][][][][][][][][][][] [] []  
 []

[17


 <D:/Dissertation_proj/Template/UT thesis template/Presentation_file/figure/lon
gi_advantage1.jpg>]
Overfull \hbox (13.01083pt too wide) has occurred while \output is active
  [] [][][][][][][][][][][][][][][][][][] [] [] [][][][][][][][][][][][][][][][
][][][][][][][][][][][][][][][][][][][][][][][][][][][][][][][] [] []  
 []

[18


 <D:/Dissertation_proj/Template/UT thesis template/Presentation_file/figure/lon
gi_advantage5.jpg>]
Overfull \hbox (13.01083pt too wide) has occurred while \output is active
  [] [][][][][][][][][][][][][][][][][][] [] [] [][][][][][][][][][][][][][][][
][][][][][][][][][][][][][][][][][][][][][][][][][][][][][][][] [] []  
 []

[19

]
("D:\Dissertation_proj\Template\UT thesis template\Presentation_file\Amazon_Pre
sentation_Yang.toc")
Overfull \hbox (13.01083pt too wide) has occurred while \output is active
  [] [][][][][][][][][][][][][][][][][][] [] [] [][][][][][][][][][][][][][][][
][][][][][][][][][][][][][][][][][][][][][][][][][][][][][][][] [] []  
 []

[20

]
Overfull \hbox (13.01083pt too wide) has occurred while \output is active
  [] [][][][][][][][][][][][][][][][][][] [] [] [][][][][][][][][][][][][][][][
][][][][][][][][][][][][][][][][][][][][][][][][][][][][][][][] [] []  
 []

[21

]
("D:\Dissertation_proj\Template\UT thesis template\Presentation_file\Amazon_Pre
sentation_Yang.toc")
Overfull \hbox (13.01083pt too wide) has occurred while \output is active
  [] [][][][][][][][][][][][][][][][][][] [] [] [][][][][][][][][][][][][][][][
][][][][][][][][][][][][][][][][][][][][][][][][][][][][][][][] [] []  
 []

[22

]
Overfull \hbox (13.01083pt too wide) has occurred while \output is active
  [] [][][][][][][][][][][][][][][][][][] [] [] [][][][][][][][][][][][][][][][
][][][][][][][][][][][][][][][][][][][][][][][][][][][][][][][] [] []  
 []

[23

]
Overfull \hbox (13.01083pt too wide) has occurred while \output is active
  [] [][][][][][][][][][][][][][][][][][] [] [] [][][][][][][][][][][][][][][][
][][][][][][][][][][][][][][][][][][][][][][][][][][][][][][][] [] []  
 []

[24


]
("D:\Dissertation_proj\Template\UT thesis template\Presentation_file\Amazon_Pre
sentation_Yang.toc")
Overfull \hbox (13.01083pt too wide) has occurred while \output is active
  [] [][][][][][][][][][][][][][][][][][] [] [] [][][][][][][][][][][][][][][][
][][][][][][][][][][][][][][][][][][][][][][][][][][][][][][][] [] []  
 []

[25

]
Overfull \hbox (13.01083pt too wide) has occurred while \output is active
  [] [][][][][][][][][][][][][][][][][][] [] [] [][][][][][][][][][][][][][][][
][][][][][][][][][][][][][][][][][][][][][][][][][][][][][][][] [] []  
 []

[26

]
("D:\Dissertation_proj\Template\UT thesis template\Presentation_file\Amazon_Pre
sentation_Yang.toc")
Overfull \hbox (13.01083pt too wide) has occurred while \output is active
  [] [][][][][][][][][][][][][][][][][][] [] [] [][][][][][][][][][][][][][][][
][][][][][][][][][][][][][][][][][][][][][][][][][][][][][][][] [] []  
 []

[27

]
Overfull \hbox (13.01083pt too wide) has occurred while \output is active
  [] [][][][][][][][][][][][][][][][][][] [] [] [][][][][][][][][][][][][][][][
][][][][][][][][][][][][][][][][][][][][][][][][][][][][][][][] [] []  
 []

[28

]
Overfull \hbox (13.01083pt too wide) has occurred while \output is active
  [] [][][][][][][][][][][][][][][][][][] [] [] [][][][][][][][][][][][][][][][
][][][][][][][][][][][][][][][][][][][][][][][][][][][][][][][] [] []  
 []

[29


]
Overfull \hbox (13.01083pt too wide) has occurred while \output is active
  [] [][][][][][][][][][][][][][][][][][] [] [] [][][][][][][][][][][][][][][][
][][][][][][][][][][][][][][][][][][][][][][][][][][][][][][][] [] []  
 []

[30


]
Overfull \hbox (13.01083pt too wide) has occurred while \output is active
  [] [][][][][][][][][][][][][][][][][][] [] [] [][][][][][][][][][][][][][][][
][][][][][][][][][][][][][][][][][][][][][][][][][][][][][][][] [] []  
 []

[31


]
Overfull \hbox (13.01083pt too wide) has occurred while \output is active
  [] [][][][][][][][][][][][][][][][][][] [] [] [][][][][][][][][][][][][][][][
][][][][][][][][][][][][][][][][][][][][][][][][][][][][][][][] [] []  
 []

[32


]
Overfull \hbox (13.01083pt too wide) has occurred while \output is active
  [] [][][][][][][][][][][][][][][][][][] [] [] [][][][][][][][][][][][][][][][
][][][][][][][][][][][][][][][][][][][][][][][][][][][][][][][] [] []  
 []

[33


]
Overfull \hbox (13.01083pt too wide) has occurred while \output is active
  [] [][][][][][][][][][][][][][][][][][] [] [] [][][][][][][][][][][][][][][][
][][][][][][][][][][][][][][][][][][][][][][][][][][][][][][][] [] []  
 []

[34


]
Overfull \hbox (13.01083pt too wide) has occurred while \output is active
  [] [][][][][][][][][][][][][][][][][][] [] [] [][][][][][][][][][][][][][][][
][][][][][][][][][][][][][][][][][][][][][][][][][][][][][][][] [] []  
 []

[35


]

Package amsmath Warning: Foreign command \over;
(amsmath)                \frac or \genfrac should be used instead
(amsmath)                 on input line 805.


Overfull \hbox (13.01083pt too wide) has occurred while \output is active
  [] [][][][][][][][][][][][][][][][][][] [] [] [][][][][][][][][][][][][][][][
][][][][][][][][][][][][][][][][][][][][][][][][][][][][][][][] [] []  
 []

[36

]
Overfull \hbox (13.01083pt too wide) has occurred while \output is active
  [] [][][][][][][][][][][][][][][][][][] [] [] [][][][][][][][][][][][][][][][
][][][][][][][][][][][][][][][][][][][][][][][][][][][][][][][] [] []  
 []

[37


]
Overfull \hbox (13.01083pt too wide) has occurred while \output is active
  [] [][][][][][][][][][][][][][][][][][] [] [] [][][][][][][][][][][][][][][][
][][][][][][][][][][][][][][][][][][][][][][][][][][][][][][][] [] []  
 []

[38


]
Overfull \hbox (13.01083pt too wide) has occurred while \output is active
  [] [][][][][][][][][][][][][][][][][][] [] [] [][][][][][][][][][][][][][][][
][][][][][][][][][][][][][][][][][][][][][][][][][][][][][][][] [] []  
 []

[39


]
Overfull \hbox (13.01083pt too wide) has occurred while \output is active
  [] [][][][][][][][][][][][][][][][][][] [] [] [][][][][][][][][][][][][][][][
][][][][][][][][][][][][][][][][][][][][][][][][][][][][][][][] [] []  
 []

[40


]
Overfull \hbox (13.01083pt too wide) has occurred while \output is active
  [] [][][][][][][][][][][][][][][][][][] [] [] [][][][][][][][][][][][][][][][
][][][][][][][][][][][][][][][][][][][][][][][][][][][][][][][] [] []  
 []

[41


]
Overfull \hbox (13.01083pt too wide) has occurred while \output is active
  [] [][][][][][][][][][][][][][][][][][] [] [] [][][][][][][][][][][][][][][][
][][][][][][][][][][][][][][][][][][][][][][][][][][][][][][][] [] []  
 []

[42


]
("D:\Dissertation_proj\Template\UT thesis template\Presentation_file\Amazon_Pre
sentation_Yang.toc")
Overfull \hbox (13.01083pt too wide) has occurred while \output is active
  [] [][][][][][][][][][][][][][][][][][] [] [] [][][][][][][][][][][][][][][][
][][][][][][][][][][][][][][][][][][][][][][][][][][][][][][][] [] []  
 []

[43

] <figure/genotype_simulation_demo.jpg, id=4518, 722.7pt x 542.025pt>
File: figure/genotype_simulation_demo.jpg Graphic file (type jpg)

<use figure/genotype_simulation_demo.jpg>
Package pdftex.def Info: figure/genotype_simulation_demo.jpg used on input line
 923.
(pdftex.def)             Requested size: 228.46773pt x 171.35458pt.

Overfull \hbox (13.01083pt too wide) has occurred while \output is active
  [] [][][][][][][][][][][][][][][][][][] [] [] [][][][][][][][][][][][][][][][
][][][][][][][][][][][][][][][][][][][][][][][][][][][][][][][] [] []  
 []

[44

]
Overfull \hbox (13.01083pt too wide) has occurred while \output is active
  [] [][][][][][][][][][][][][][][][][][] [] [] [][][][][][][][][][][][][][][][
][][][][][][][][][][][][][][][][][][][][][][][][][][][][][][][] [] []  
 []

[45


 <D:/Dissertation_proj/Template/UT thesis template/Presentation_file/figure/gen
otype_simulation_demo.jpg>]
Overfull \hbox (13.01083pt too wide) has occurred while \output is active
  [] [][][][][][][][][][][][][][][][][][] [] [] [][][][][][][][][][][][][][][][
][][][][][][][][][][][][][][][][][][][][][][][][][][][][][][][] [] []  
 []

[46


]
Overfull \hbox (13.01083pt too wide) has occurred while \output is active
  [] [][][][][][][][][][][][][][][][][][] [] [] [][][][][][][][][][][][][][][][
][][][][][][][][][][][][][][][][][][][][][][][][][][][][][][][] [] []  
 []

[47


]
Overfull \hbox (13.01083pt too wide) has occurred while \output is active
  [] [][][][][][][][][][][][][][][][][][] [] [] [][][][][][][][][][][][][][][][
][][][][][][][][][][][][][][][][][][][][][][][][][][][][][][][] [] []  
 []

[48


]
Overfull \hbox (13.01083pt too wide) has occurred while \output is active
  [] [][][][][][][][][][][][][][][][][][] [] [] [][][][][][][][][][][][][][][][
][][][][][][][][][][][][][][][][][][][][][][][][][][][][][][][] [] []  
 []

[49


]
("D:\Dissertation_proj\Template\UT thesis template\Presentation_file\Amazon_Pre
sentation_Yang.toc")
Overfull \hbox (13.01083pt too wide) has occurred while \output is active
  [] [][][][][][][][][][][][][][][][][][] [] [] [][][][][][][][][][][][][][][][
][][][][][][][][][][][][][][][][][][][][][][][][][][][][][][][] [] []  
 []

[50

]

pdfTeX warning: pdflatex (file D:/Dissertation_proj/Template/UT thesis template
/Presentation_file/figure/PowerCurve_independenceWkCor_on_AR1data_h0.001.pdf): 
PDF inclusion: found PDF version <1.7>, but at most version <1.5> allowed

<figure/PowerCurve_independenceWkCor_on_AR1data_h0.001.pdf, id=5209, 505.89pt x
 505.89pt>
File: figure/PowerCurve_independenceWkCor_on_AR1data_h0.001.pdf Graphic file (t
ype pdf)
 <use figure/PowerCurve_independenceWkCor_on_AR1data_h0.001.pdf>
Package pdftex.def Info: figure/PowerCurve_independenceWkCor_on_AR1data_h0.001.
pdf used on input line 995.
(pdftex.def)             Requested size: 171.3519pt x 171.35458pt.


pdfTeX warning: pdflatex (file D:/Dissertation_proj/Template/UT thesis template
/Presentation_file/figure/PowerCurve_independenceWkCor_on_AR1data_h0.001_hetero
geneousSNPeffects.pdf): PDF inclusion: found PDF version <1.7>, but at most ver
sion <1.5> allowed

<figure/PowerCurve_independenceWkCor_on_AR1data_h0.001_heterogeneousSNPeffects.
pdf, id=5210, 505.89pt x 505.89pt>
File: figure/PowerCurve_independenceWkCor_on_AR1data_h0.001_heterogeneousSNPeff
ects.pdf Graphic file (type pdf)

<use figure/PowerCurve_independenceWkCor_on_AR1data_h0.001_heterogeneousSNPeffe
cts.pdf>
Package pdftex.def Info: figure/PowerCurve_independenceWkCor_on_AR1data_h0.001_
heterogeneousSNPeffects.pdf used on input line 995.
(pdftex.def)             Requested size: 171.3519pt x 171.35458pt.


pdfTeX warning: pdflatex (file D:/Dissertation_proj/Template/UT thesis template
/Presentation_file/figure/PowerCurve_independenceWkCor_on_AR1data_h0.001_withNS
NPnull.pdf): PDF inclusion: found PDF version <1.7>, but at most version <1.5> 
allowed

<figure/PowerCurve_independenceWkCor_on_AR1data_h0.001_withNSNPnull.pdf, id=521
1, 505.89pt x 505.89pt>
File: figure/PowerCurve_independenceWkCor_on_AR1data_h0.001_withNSNPnull.pdf Gr
aphic file (type pdf)

<use figure/PowerCurve_independenceWkCor_on_AR1data_h0.001_withNSNPnull.pdf>
Package pdftex.def Info: figure/PowerCurve_independenceWkCor_on_AR1data_h0.001_
withNSNPnull.pdf used on input line 995.
(pdftex.def)             Requested size: 171.3519pt x 171.35458pt.

Overfull \hbox (13.01083pt too wide) has occurred while \output is active
  [] [][][][][][][][][][][][][][][][][][] [] [] [][][][][][][][][][][][][][][][
][][][][][][][][][][][][][][][][][][][][][][][][][][][][][][][] [] []  
 []

[51

]
Overfull \hbox (13.01083pt too wide) has occurred while \output is active
  [] [][][][][][][][][][][][][][][][][][] [] [] [][][][][][][][][][][][][][][][
][][][][][][][][][][][][][][][][][][][][][][][][][][][][][][][] [] []  
 []

[52


 <D:/Dissertation_proj/Template/UT thesis template/Presentation_file/figure/Pow
erCurve_independenceWkCor_on_AR1data_h0.001.pdf>]
Overfull \hbox (13.01083pt too wide) has occurred while \output is active
  [] [][][][][][][][][][][][][][][][][][] [] [] [][][][][][][][][][][][][][][][
][][][][][][][][][][][][][][][][][][][][][][][][][][][][][][][] [] []  
 []

[53


]
Overfull \hbox (13.01083pt too wide) has occurred while \output is active
  [] [][][][][][][][][][][][][][][][][][] [] [] [][][][][][][][][][][][][][][][
][][][][][][][][][][][][][][][][][][][][][][][][][][][][][][][] [] []  
 []

[54


 <D:/Dissertation_proj/Template/UT thesis template/Presentation_file/figure/Pow
erCurve_independenceWkCor_on_AR1data_h0.001_heterogeneousSNPeffects.pdf>]
Overfull \hbox (13.01083pt too wide) has occurred while \output is active
  [] [][][][][][][][][][][][][][][][][][] [] [] [][][][][][][][][][][][][][][][
][][][][][][][][][][][][][][][][][][][][][][][][][][][][][][][] [] []  
 []

[55


 <D:/Dissertation_proj/Template/UT thesis template/Presentation_file/figure/Pow
erCurve_independenceWkCor_on_AR1data_h0.001_withNSNPnull.pdf>]
("D:\Dissertation_proj\Template\UT thesis template\Presentation_file\Amazon_Pre
sentation_Yang.toc")
Overfull \hbox (13.01083pt too wide) has occurred while \output is active
  [] [][][][][][][][][][][][][][][][][][] [] [] [][][][][][][][][][][][][][][][
][][][][][][][][][][][][][][][][][][][][][][][][][][][][][][][] [] []  
 []

[56

]
Overfull \hbox (13.01083pt too wide) has occurred while \output is active
  [] [][][][][][][][][][][][][][][][][][] [] [] [][][][][][][][][][][][][][][][
][][][][][][][][][][][][][][][][][][][][][][][][][][][][][][][] [] []  
 []

[57

]
("D:\Dissertation_proj\Template\UT thesis template\Presentation_file\Amazon_Pre
sentation_Yang.toc")
Overfull \hbox (13.01083pt too wide) has occurred while \output is active
  [] [][][][][][][][][][][][][][][][][][] [] [] [][][][][][][][][][][][][][][][
][][][][][][][][][][][][][][][][][][][][][][][][][][][][][][][] [] []  
 []

[58

]
Overfull \hbox (13.01083pt too wide) has occurred while \output is active
  [] [][][][][][][][][][][][][][][][][][] [] [] [][][][][][][][][][][][][][][][
][][][][][][][][][][][][][][][][][][][][][][][][][][][][][][][] [] []  
 []

[59

]
Overfull \hbox (13.01083pt too wide) has occurred while \output is active
  [] [][][][][][][][][][][][][][][][][][] [] [] [][][][][][][][][][][][][][][][
][][][][][][][][][][][][][][][][][][][][][][][][][][][][][][][] [] []  
 []

[60


]
Overfull \hbox (13.01083pt too wide) has occurred while \output is active
  [] [][][][][][][][][][][][][][][][][][] [] [] [][][][][][][][][][][][][][][][
][][][][][][][][][][][][][][][][][][][][][][][][][][][][][][][] [] []  
 []

[61


]
("D:\Dissertation_proj\Template\UT thesis template\Presentation_file\Amazon_Pre
sentation_Yang.toc")
Overfull \hbox (13.01083pt too wide) has occurred while \output is active
  [] [][][][][][][][][][][][][][][][][][] [] [] [][][][][][][][][][][][][][][][
][][][][][][][][][][][][][][][][][][][][][][][][][][][][][][][] [] []  
 []

[62

]
Overfull \hbox (13.01083pt too wide) has occurred while \output is active
  [] [][][][][][][][][][][][][][][][][][] [] [] [][][][][][][][][][][][][][][][
][][][][][][][][][][][][][][][][][][][][][][][][][][][][][][][] [] []  
 []

[63

]
("D:\Dissertation_proj\Template\UT thesis template\Presentation_file\Amazon_Pre
sentation_Yang.toc")
Overfull \hbox (13.01083pt too wide) has occurred while \output is active
  [] [][][][][][][][][][][][][][][][][][] [] [] [][][][][][][][][][][][][][][][
][][][][][][][][][][][][][][][][][][][][][][][][][][][][][][][] [] []  
 []

[64

]

pdfTeX warning: pdflatex (file D:/Dissertation_proj/Template/UT thesis template
/Presentation_file/figure/PowerCurve_independenceWkCor_on_AR1data_h0.001_RVsimu
latedU.pdf): PDF inclusion: found PDF version <1.7>, but at most version <1.5> 
allowed

<figure/PowerCurve_independenceWkCor_on_AR1data_h0.001_RVsimulatedU.pdf, id=669
4, 505.89pt x 505.89pt>
File: figure/PowerCurve_independenceWkCor_on_AR1data_h0.001_RVsimulatedU.pdf Gr
aphic file (type pdf)

<use figure/PowerCurve_independenceWkCor_on_AR1data_h0.001_RVsimulatedU.pdf>
Package pdftex.def Info: figure/PowerCurve_independenceWkCor_on_AR1data_h0.001_
RVsimulatedU.pdf used on input line 1209.
(pdftex.def)             Requested size: 171.3519pt x 171.35458pt.


pdfTeX warning: pdflatex (file D:/Dissertation_proj/Template/UT thesis template
/Presentation_file/figure/PowerCurve_independenceWkCor_on_AR1data_h0.001_RVperm
utedU.pdf): PDF inclusion: found PDF version <1.7>, but at most version <1.5> a
llowed

<figure/PowerCurve_independenceWkCor_on_AR1data_h0.001_RVpermutedU.pdf, id=6695
, 505.89pt x 505.89pt>
File: figure/PowerCurve_independenceWkCor_on_AR1data_h0.001_RVpermutedU.pdf Gra
phic file (type pdf)

<use figure/PowerCurve_independenceWkCor_on_AR1data_h0.001_RVpermutedU.pdf>
Package pdftex.def Info: figure/PowerCurve_independenceWkCor_on_AR1data_h0.001_
RVpermutedU.pdf used on input line 1209.
(pdftex.def)             Requested size: 171.3519pt x 171.35458pt.


pdfTeX warning: pdflatex (file D:/Dissertation_proj/Template/UT thesis template
/Presentation_file/figure/PowerCurve_independenceWkCor_on_AR1data_h0.001_RVperm
utedU_moreTests.pdf): PDF inclusion: found PDF version <1.7>, but at most versi
on <1.5> allowed

<figure/PowerCurve_independenceWkCor_on_AR1data_h0.001_RVpermutedU_moreTests.pd
f, id=6696, 505.89pt x 505.89pt>
File: figure/PowerCurve_independenceWkCor_on_AR1data_h0.001_RVpermutedU_moreTes
ts.pdf Graphic file (type pdf)

<use figure/PowerCurve_independenceWkCor_on_AR1data_h0.001_RVpermutedU_moreTest
s.pdf>
Package pdftex.def Info: figure/PowerCurve_independenceWkCor_on_AR1data_h0.001_
RVpermutedU_moreTests.pdf used on input line 1209.
(pdftex.def)             Requested size: 171.3519pt x 171.35458pt.

Overfull \hbox (13.01083pt too wide) has occurred while \output is active
  [] [][][][][][][][][][][][][][][][][][] [] [] [][][][][][][][][][][][][][][][
][][][][][][][][][][][][][][][][][][][][][][][][][][][][][][][] [] []  
 []

[65

]
Overfull \hbox (13.01083pt too wide) has occurred while \output is active
  [] [][][][][][][][][][][][][][][][][][] [] [] [][][][][][][][][][][][][][][][
][][][][][][][][][][][][][][][][][][][][][][][][][][][][][][][] [] []  
 []

[66


 <D:/Dissertation_proj/Template/UT thesis template/Presentation_file/figure/Pow
erCurve_independenceWkCor_on_AR1data_h0.001_RVsimulatedU.pdf>]
Overfull \hbox (13.01083pt too wide) has occurred while \output is active
  [] [][][][][][][][][][][][][][][][][][] [] [] [][][][][][][][][][][][][][][][
][][][][][][][][][][][][][][][][][][][][][][][][][][][][][][][] [] []  
 []

[67


]
Overfull \hbox (13.01083pt too wide) has occurred while \output is active
  [] [][][][][][][][][][][][][][][][][][] [] [] [][][][][][][][][][][][][][][][
][][][][][][][][][][][][][][][][][][][][][][][][][][][][][][][] [] []  
 []

[68


pdfTeX warning (ext4): destination with the same identifier (name{fig:\040Power
Curve_independenceWkCor_on_AR1data_h0.001_RVsimulatedU}) has been already used,
 duplicate ignored

\@EveryShipout@Output ...@Org@Shipout \box \@cclv 
                                                  
l.1209 \end{frame}
                   <D:/Dissertation_proj/Template/UT thesis template/Presentati
on_file/figure/PowerCurve_independenceWkCor_on_AR1data_h0.001_RVpermutedU.pdf>]

Overfull \hbox (13.01083pt too wide) has occurred while \output is active
  [] [][][][][][][][][][][][][][][][][][] [] [] [][][][][][][][][][][][][][][][
][][][][][][][][][][][][][][][][][][][][][][][][][][][][][][][] [] []  
 []

[69


]
Overfull \hbox (13.01083pt too wide) has occurred while \output is active
  [] [][][][][][][][][][][][][][][][][][] [] [] [][][][][][][][][][][][][][][][
][][][][][][][][][][][][][][][][][][][][][][][][][][][][][][][] [] []  
 []

[70


 <D:/Dissertation_proj/Template/UT thesis template/Presentation_file/figure/Pow
erCurve_independenceWkCor_on_AR1data_h0.001_RVpermutedU_moreTests.pdf>]
("D:\Dissertation_proj\Template\UT thesis template\Presentation_file\Amazon_Pre
sentation_Yang.toc")
Overfull \hbox (13.01083pt too wide) has occurred while \output is active
  [] [][][][][][][][][][][][][][][][][][] [] [] [][][][][][][][][][][][][][][][
][][][][][][][][][][][][][][][][][][][][][][][][][][][][][][][] [] []  
 []

[71

] <figure/ARICcomponents_0.pdf, id=7442, 794.97pt x 614.295pt>
File: figure/ARICcomponents_0.pdf Graphic file (type pdf)

<use figure/ARICcomponents_0.pdf>
Package pdftex.def Info: figure/ARICcomponents_0.pdf used on input line 1350.
(pdftex.def)             Requested size: 158.39679pt x 122.39667pt.

Overfull \hbox (13.01083pt too wide) has occurred while \output is active
  [] [][][][][][][][][][][][][][][][][][] [] [] [][][][][][][][][][][][][][][][
][][][][][][][][][][][][][][][][][][][][][][][][][][][][][][][] [] []  
 []

[72

 <D:/Dissertation_proj/Template/UT thesis template/Presentation_file/figure/ARI
Ccomponents_0.pdf, page is rotated 90 degrees>]
<figure/ARIC_exome/Manhattan_plot_aspu_weighted_sco_P_geneBased_whole-genome.jp
g, id=7560, 1445.4pt x 813.0375pt>
File: figure/ARIC_exome/Manhattan_plot_aspu_weighted_sco_P_geneBased_whole-geno
me.jpg Graphic file (type jpg)

<use figure/ARIC_exome/Manhattan_plot_aspu_weighted_sco_P_geneBased_whole-genom
e.jpg>
Package pdftex.def Info: figure/ARIC_exome/Manhattan_plot_aspu_weighted_sco_P_g
eneBased_whole-genome.jpg used on input line 1367.
(pdftex.def)             Requested size: 304.62366pt x 171.35458pt.

Overfull \hbox (13.01083pt too wide) has occurred while \output is active
  [] [][][][][][][][][][][][][][][][][][] [] [] [][][][][][][][][][][][][][][][
][][][][][][][][][][][][][][][][][][][][][][][][][][][][][][][] [] []  
 []

[73

 <D:/Dissertation_proj/Template/UT thesis template/Presentation_file/figure/ARI
C_exome/Manhattan_plot_aspu_weighted_sco_P_geneBased_whole-genome.jpg>]
<figure/QA_amazon.png, id=7657, 513.92pt x 513.92pt>
File: figure/QA_amazon.png Graphic file (type png)

<use figure/QA_amazon.png>
Package pdftex.def Info: figure/QA_amazon.png used on input line 1408.
(pdftex.def)             Requested size: 102.68962pt x 102.68806pt.
 <figure/QA1.jpg, id=7658, 301.125pt x 301.125pt>
File: figure/QA1.jpg Graphic file (type jpg)

<use figure/QA1.jpg>
Package pdftex.def Info: figure/QA1.jpg used on input line 1408.
(pdftex.def)             Requested size: 102.68962pt x 102.68898pt.

Overfull \hbox (13.01083pt too wide) has occurred while \output is active
  [] [][][][][][][][][][][][][][][][][][] [] [] [][][][][][][][][][][][][][][][
][][][][][][][][][][][][][][][][][][][][][][][][][][][][][][][] [] []  
 []

[74

 <D:/Dissertation_proj/Template/UT thesis template/Presentation_file/figure/QA_
amazon.png (PNG copy)> <D:/Dissertation_proj/Template/UT thesis template/Presen
tation_file/figure/QA1.jpg>]
("D:\Dissertation_proj\Template\UT thesis template\Presentation_file\Amazon_Pre
sentation_Yang.bbl")
Overfull \hbox (13.01083pt too wide) has occurred while \output is active
  [] [][][][][][][][][][][][][][][][][][] [] [] [][][][][][][][][][][][][][][][
][][][][][][][][][][][][][][][][][][][][][][][][][][][][][][][] [] []  
 []

[75

 <d:/Program Files (x86)/MiKTeX 2.9/tex/latex/beamer/base/art/beamericonarticle
.pdf>]
Overfull \hbox (13.01083pt too wide) has occurred while \output is active
  [] [][][][][][][][][][][][][][][][][][] [] [] [][][][][][][][][][][][][][][][
][][][][][][][][][][][][][][][][][][][][][][][][][][][][][][][] [] []  
 []

[76


]
Overfull \hbox (13.01083pt too wide) has occurred while \output is active
  [] [][][][][][][][][][][][][][][][][][] [] [] [][][][][][][][][][][][][][][][
][][][][][][][][][][][][][][][][][][][][][][][][][][][][][][][] [] []  
 []

[77


]
Overfull \hbox (13.01083pt too wide) has occurred while \output is active
  [] [][][][][][][][][][][][][][][][][][] [] [] [][][][][][][][][][][][][][][][
][][][][][][][][][][][][][][][][][][][][][][][][][][][][][][][] [] []  
 []

[78


]
\tf@nav=\write6
\tf@toc=\write7
\tf@snm=\write8
Package atveryend Info: Empty hook `BeforeClearDocument' on input line 1427.
Package atveryend Info: Empty hook `AfterLastShipout' on input line 1427.

("D:\Dissertation_proj\Template\UT thesis template\Presentation_file\Amazon_Pre
sentation_Yang.aux")
Package atveryend Info: Executing hook `AtVeryEndDocument' on input line 1427.
Package atveryend Info: Executing hook `AtEndAfterFileList' on input line 1427.

Package rerunfilecheck Info: File `Amazon_Presentation_Yang.out' has not change
d.
(rerunfilecheck)             Checksum: 3C9F5D21EF6A990A2F7AC18CB27E14F9;824.


LaTeX Font Warning: Size substitutions with differences
(Font)              up to 1.0pt have occurred.


LaTeX Warning: There were multiply-defined labels.

Package atveryend Info: Empty hook `AtVeryVeryEnd' on input line 1427.
 ) 
Here is how much of TeX's memory you used:
 18217 strings out of 493921
 346773 string characters out of 3144864
 501685 words of memory out of 3000000
 20807 multiletter control sequences out of 15000+200000
 18890 words of font info for 68 fonts, out of 3000000 for 9000
 841 hyphenation exceptions out of 8191
 56i,19n,72p,1704b,743s stack positions out of 5000i,500n,10000p,200000b,50000s
<d:/Program Files (x86)/MiKTeX 2.9/fonts/type1/public/amsfonts/cmextra/cmex7.
pfb><d:/Program Files (x86)/MiKTeX 2.9/fonts/type1/public/amsfonts/cmextra/cmex
8.pfb><d:/Program Files (x86)/MiKTeX 2.9/fonts/type1/public/amsfonts/cm/cmmi5.p
fb><d:/Program Files (x86)/MiKTeX 2.9/fonts/type1/public/amsfonts/cm/cmmi6.pfb>
<d:/Program Files (x86)/MiKTeX 2.9/fonts/type1/public/amsfonts/cm/cmmi8.pfb><d:
/Program Files (x86)/MiKTeX 2.9/fonts/type1/public/amsfonts/cm/cmmi9.pfb><d:/Pr
ogram Files (x86)/MiKTeX 2.9/fonts/type1/public/amsfonts/cm/cmr6.pfb><d:/Progra
m Files (x86)/MiKTeX 2.9/fonts/type1/public/amsfonts/cm/cmr8.pfb><d:/Program Fi
les (x86)/MiKTeX 2.9/fonts/type1/public/amsfonts/cm/cmss10.pfb><d:/Program File
s (x86)/MiKTeX 2.9/fonts/type1/public/amsfonts/cm/cmss8.pfb><d:/Program Files (
x86)/MiKTeX 2.9/fonts/type1/public/amsfonts/cm/cmss9.pfb><d:/Program Files (x86
)/MiKTeX 2.9/fonts/type1/public/amsfonts/cm/cmssbx10.pfb><d:/Program Files (x86
)/MiKTeX 2.9/fonts/type1/public/amsfonts/cm/cmssi8.pfb><d:/Program Files (x86)/
MiKTeX 2.9/fonts/type1/public/amsfonts/cm/cmssi9.pfb><d:/Program Files (x86)/Mi
KTeX 2.9/fonts/type1/public/amsfonts/cm/cmsy5.pfb><d:/Program Files (x86)/MiKTe
X 2.9/fonts/type1/public/amsfonts/cm/cmsy6.pfb><d:/Program Files (x86)/MiKTeX 2
.9/fonts/type1/public/amsfonts/cm/cmsy8.pfb><d:/Program Files (x86)/MiKTeX 2.9/
fonts/type1/public/amsfonts/cm/cmsy9.pfb><d:/Program Files (x86)/MiKTeX 2.9/fon
ts/type1/public/amsfonts/symbols/msbm7.pfb>
Output written on Amazon_Presentation_Yang.pdf (78 pages, 5144950 bytes).
PDF statistics:
 8250 PDF objects out of 8907 (max. 8388607)
 219 named destinations out of 1000 (max. 500000)
 255 words of extra memory for PDF output out of 10000 (max. 10000000)

