This is pdfTeX, Version 3.1415926-2.5-1.40.14 (MiKTeX 2.9) (preloaded format=pdflatex 2014.2.16)  27 NOV 2015 06:31
entering extended mode
**Dissertation_Yang.tex
("D:\Dissertation_proj\Template\UT thesis template\Dissertation_Yang.tex"
LaTeX2e <2011/06/27>
Babel <v3.8m> and hyphenation patterns for english, afrikaans, ancientgreek, ar
abic, armenian, assamese, basque, bengali, bokmal, bulgarian, catalan, coptic, 
croatian, czech, danish, dutch, esperanto, estonian, farsi, finnish, french, ga
lician, german, german-x-2013-05-26, greek, gujarati, hindi, hungarian, iceland
ic, indonesian, interlingua, irish, italian, kannada, kurmanji, latin, latvian,
 lithuanian, malayalam, marathi, mongolian, mongolianlmc, monogreek, ngerman, n
german-x-2013-05-26, nynorsk, oriya, panjabi, pinyin, polish, portuguese, roman
ian, russian, sanskrit, serbian, slovak, slovenian, spanish, swedish, swissgerm
an, tamil, telugu, turkish, turkmen, ukenglish, ukrainian, uppersorbian, usengl
ishmax, welsh, loaded.
("d:\Program Files (x86)\MiKTeX 2.9\tex\latex\base\article.cls"
Document Class: article 2007/10/19 v1.4h Standard LaTeX document class
("d:\Program Files (x86)\MiKTeX 2.9\tex\latex\base\size12.clo"
File: size12.clo 2007/10/19 v1.4h Standard LaTeX file (size option)
)
\c@part=\count79
\c@section=\count80
\c@subsection=\count81
\c@subsubsection=\count82
\c@paragraph=\count83
\c@subparagraph=\count84
\c@figure=\count85
\c@table=\count86
\abovecaptionskip=\skip41
\belowcaptionskip=\skip42
\bibindent=\dimen102
)
("d:\Program Files (x86)\MiKTeX 2.9\tex\latex\geometry\geometry.sty"
Package: geometry 2010/09/12 v5.6 Page Geometry

("d:\Program Files (x86)\MiKTeX 2.9\tex\latex\graphics\keyval.sty"
Package: keyval 1999/03/16 v1.13 key=value parser (DPC)
\KV@toks@=\toks14
)
("d:\Program Files (x86)\MiKTeX 2.9\tex\generic\oberdiek\ifpdf.sty"
Package: ifpdf 2011/01/30 v2.3 Provides the ifpdf switch (HO)
Package ifpdf Info: pdfTeX in PDF mode is detected.
)
("d:\Program Files (x86)\MiKTeX 2.9\tex\generic\oberdiek\ifvtex.sty"
Package: ifvtex 2010/03/01 v1.5 Detect VTeX and its facilities (HO)
Package ifvtex Info: VTeX not detected.
)
("d:\Program Files (x86)\MiKTeX 2.9\tex\generic\ifxetex\ifxetex.sty"
Package: ifxetex 2010/09/12 v0.6 Provides ifxetex conditional
)
\Gm@cnth=\count87
\Gm@cntv=\count88
\c@Gm@tempcnt=\count89
\Gm@bindingoffset=\dimen103
\Gm@wd@mp=\dimen104
\Gm@odd@mp=\dimen105
\Gm@even@mp=\dimen106
\Gm@layoutwidth=\dimen107
\Gm@layoutheight=\dimen108
\Gm@layouthoffset=\dimen109
\Gm@layoutvoffset=\dimen110
\Gm@dimlist=\toks15

("d:\Program Files (x86)\MiKTeX 2.9\tex\latex\geometry\geometry.cfg"))
("d:\Program Files (x86)\MiKTeX 2.9\tex\latex\setspace\setspace.sty"
Package: setspace 2011/12/19 v6.7a set line spacing
)
("d:\Program Files (x86)\MiKTeX 2.9\tex\latex\footmisc\footmisc.sty"
Package: footmisc 2011/06/06 v5.5b a miscellany of footnote facilities
\FN@temptoken=\toks16
\footnotemargin=\dimen111
\c@pp@next@reset=\count90
Package footmisc Info: Declaring symbol style bringhurst on input line 855.
Package footmisc Info: Declaring symbol style chicago on input line 863.
Package footmisc Info: Declaring symbol style wiley on input line 872.
Package footmisc Info: Declaring symbol style lamport-robust on input line 883.

Package footmisc Info: Declaring symbol style lamport* on input line 903.
Package footmisc Info: Declaring symbol style lamport*-robust on input line 924
.
)
("d:\Program Files (x86)\MiKTeX 2.9\tex\latex\url\url.sty"
\Urlmuskip=\muskip10
Package: url 2013/09/16  ver 3.4  Verb mode for urls, etc.
)
("d:\Program Files (x86)\MiKTeX 2.9\tex\latex\amsfonts\amssymb.sty"
Package: amssymb 2013/01/14 v3.01 AMS font symbols

("d:\Program Files (x86)\MiKTeX 2.9\tex\latex\amsfonts\amsfonts.sty"
Package: amsfonts 2013/01/14 v3.01 Basic AMSFonts support
\@emptytoks=\toks17
\symAMSa=\mathgroup4
\symAMSb=\mathgroup5
LaTeX Font Info:    Overwriting math alphabet `\mathfrak' in version `bold'
(Font)                  U/euf/m/n --> U/euf/b/n on input line 106.
))
("d:\Program Files (x86)\MiKTeX 2.9\tex\latex\amsmath\amsmath.sty"
Package: amsmath 2013/01/14 v2.14 AMS math features
\@mathmargin=\skip43

For additional information on amsmath, use the `?' option.
("d:\Program Files (x86)\MiKTeX 2.9\tex\latex\amsmath\amstext.sty"
Package: amstext 2000/06/29 v2.01

("d:\Program Files (x86)\MiKTeX 2.9\tex\latex\amsmath\amsgen.sty"
File: amsgen.sty 1999/11/30 v2.0
\@emptytoks=\toks18
\ex@=\dimen112
))
("d:\Program Files (x86)\MiKTeX 2.9\tex\latex\amsmath\amsbsy.sty"
Package: amsbsy 1999/11/29 v1.2d
\pmbraise@=\dimen113
)
("d:\Program Files (x86)\MiKTeX 2.9\tex\latex\amsmath\amsopn.sty"
Package: amsopn 1999/12/14 v2.01 operator names
)
\inf@bad=\count91
LaTeX Info: Redefining \frac on input line 210.
\uproot@=\count92
\leftroot@=\count93
LaTeX Info: Redefining \overline on input line 306.
\classnum@=\count94
\DOTSCASE@=\count95
LaTeX Info: Redefining \ldots on input line 378.
LaTeX Info: Redefining \dots on input line 381.
LaTeX Info: Redefining \cdots on input line 466.
\Mathstrutbox@=\box26
\strutbox@=\box27
\big@size=\dimen114
LaTeX Font Info:    Redeclaring font encoding OML on input line 566.
LaTeX Font Info:    Redeclaring font encoding OMS on input line 567.
\macc@depth=\count96
\c@MaxMatrixCols=\count97
\dotsspace@=\muskip11
\c@parentequation=\count98
\dspbrk@lvl=\count99
\tag@help=\toks19
\row@=\count100
\column@=\count101
\maxfields@=\count102
\andhelp@=\toks20
\eqnshift@=\dimen115
\alignsep@=\dimen116
\tagshift@=\dimen117
\tagwidth@=\dimen118
\totwidth@=\dimen119
\lineht@=\dimen120
\@envbody=\toks21
\multlinegap=\skip44
\multlinetaggap=\skip45
\mathdisplay@stack=\toks22
LaTeX Info: Redefining \[ on input line 2665.
LaTeX Info: Redefining \] on input line 2666.
)
("d:\Program Files (x86)\MiKTeX 2.9\tex\latex\graphics\graphicx.sty"
Package: graphicx 1999/02/16 v1.0f Enhanced LaTeX Graphics (DPC,SPQR)

("d:\Program Files (x86)\MiKTeX 2.9\tex\latex\graphics\graphics.sty"
Package: graphics 2009/02/05 v1.0o Standard LaTeX Graphics (DPC,SPQR)

("d:\Program Files (x86)\MiKTeX 2.9\tex\latex\graphics\trig.sty"
Package: trig 1999/03/16 v1.09 sin cos tan (DPC)
)
("d:\Program Files (x86)\MiKTeX 2.9\tex\latex\00miktex\graphics.cfg"
File: graphics.cfg 2007/01/18 v1.5 graphics configuration of teTeX/TeXLive
)
Package graphics Info: Driver file: pdftex.def on input line 91.

("d:\Program Files (x86)\MiKTeX 2.9\tex\latex\pdftex-def\pdftex.def"
File: pdftex.def 2011/05/27 v0.06d Graphics/color for pdfTeX

("d:\Program Files (x86)\MiKTeX 2.9\tex\generic\oberdiek\infwarerr.sty"
Package: infwarerr 2010/04/08 v1.3 Providing info/warning/error messages (HO)
)
("d:\Program Files (x86)\MiKTeX 2.9\tex\generic\oberdiek\ltxcmds.sty"
Package: ltxcmds 2011/11/09 v1.22 LaTeX kernel commands for general use (HO)
)
\Gread@gobject=\count103
))
\Gin@req@height=\dimen121
\Gin@req@width=\dimen122
)
("d:\Program Files (x86)\MiKTeX 2.9\tex\latex\appendix\appendix.sty"
Package: appendix 2009/09/02 v1.2b extra appendix facilities
\c@@pps=\count104
\c@@ppsavesec=\count105
\c@@ppsaveapp=\count106
)
("d:\Program Files (x86)\MiKTeX 2.9\tex\latex\float\float.sty"
Package: float 2001/11/08 v1.3d Float enhancements (AL)
\c@float@type=\count107
\float@exts=\toks23
\float@box=\box28
\@float@everytoks=\toks24
\@floatcapt=\box29
)
("d:\Program Files (x86)\MiKTeX 2.9\tex\latex\multirow\multirow.sty"
\bigstrutjot=\dimen123
)
("d:\Program Files (x86)\MiKTeX 2.9\tex\latex\tools\longtable.sty"
Package: longtable 2004/02/01 v4.11 Multi-page Table package (DPC)
\LTleft=\skip46
\LTright=\skip47
\LTpre=\skip48
\LTpost=\skip49
\LTchunksize=\count108
\LTcapwidth=\dimen124
\LT@head=\box30
\LT@firsthead=\box31
\LT@foot=\box32
\LT@lastfoot=\box33
\LT@cols=\count109
\LT@rows=\count110
\c@LT@tables=\count111
\c@LT@chunks=\count112
\LT@p@ftn=\toks25
)
("d:\Program Files (x86)\MiKTeX 2.9\tex\latex\morefloats\morefloats.sty"
Package: morefloats 2012/01/28 v1.0f Raise limit of unprocessed floats (HMM; DH
)

("d:\Program Files (x86)\MiKTeX 2.9\tex\latex\oberdiek\kvoptions.sty"
Package: kvoptions 2011/06/30 v3.11 Key value format for package options (HO)

("d:\Program Files (x86)\MiKTeX 2.9\tex\generic\oberdiek\kvsetkeys.sty"
Package: kvsetkeys 2012/04/25 v1.16 Key value parser (HO)

("d:\Program Files (x86)\MiKTeX 2.9\tex\generic\oberdiek\etexcmds.sty"
Package: etexcmds 2011/02/16 v1.5 Avoid name clashes with e-TeX commands (HO)

("d:\Program Files (x86)\MiKTeX 2.9\tex\generic\oberdiek\ifluatex.sty"
Package: ifluatex 2010/03/01 v1.3 Provides the ifluatex switch (HO)
Package ifluatex Info: LuaTeX not detected.
)
Package etexcmds Info: Could not find \expanded.
(etexcmds)             That can mean that you are not using pdfTeX 1.50 or
(etexcmds)             that some package has redefined \expanded.
(etexcmds)             In the latter case, load this package earlier.
)))
Package morefloats Info: Maximum number of possible floats asked for: 36.
(morefloats)             LaTeX might run out of memory before this
(morefloats)             (in which case it will notify you).
(morefloats)              on input line 171.
\bx@S=\insert233
\bx@T=\insert232
\bx@U=\insert231
\bx@V=\insert230
\bx@W=\insert229
\bx@X=\insert228
\bx@Y=\insert227
\bx@Z=\insert226
\bx@AA=\insert225
\bx@AB=\insert224
\bx@AC=\insert223
\bx@AD=\insert222
\bx@AE=\insert221
\bx@AF=\insert220
\bx@AG=\insert219
\bx@AH=\insert218
\bx@AI=\insert217
\bx@AJ=\insert216
)
("d:\Program Files (x86)\MiKTeX 2.9\tex\generic\babel\babel.sty"
Package: babel 2008/07/08 v3.8m The Babel package

*************************************
* Local config file bblopts.cfg used
*
("d:\Program Files (x86)\MiKTeX 2.9\tex\latex\00miktex\bblopts.cfg"
File: bblopts.cfg 2006/07/31 v1.0 MiKTeX 'babel' configuration
)
("d:\Program Files (x86)\MiKTeX 2.9\tex\generic\babel\english.ldf"
Language: english 2005/03/30 v3.3o English support from the babel system

("d:\Program Files (x86)\MiKTeX 2.9\tex\generic\babel\babel.def"
File: babel.def 2008/07/08 v3.8m Babel common definitions
\babel@savecnt=\count113
\U@D=\dimen125
)
\l@canadian = a dialect from \language\l@american 
\l@australian = a dialect from \language\l@british 
\l@newzealand = a dialect from \language\l@british 
))
("d:\Program Files (x86)\MiKTeX 2.9\tex\latex\csquotes\csquotes.sty"
Package: csquotes 2011/10/22 v5.1d context-sensitive quotations

("d:\Program Files (x86)\MiKTeX 2.9\tex\latex\etoolbox\etoolbox.sty"
Package: etoolbox 2011/01/03 v2.1 e-TeX tools for LaTeX

("d:\Program Files (x86)\MiKTeX 2.9\tex\latex\misc\etex.sty"
Package: etex 1998/03/26 v2.0 eTeX basic definition package (PEB)
\et@xins=\count114
)
\etb@tempcnta=\count115
)
\csq@reset=\count116
\csq@gtype=\count117
\csq@glevel=\count118
\csq@qlevel=\count119
\csq@maxlvl=\count120
\csq@tshold=\count121
\csq@ltx@everypar=\toks26

("d:\Program Files (x86)\MiKTeX 2.9\tex\latex\csquotes\csquotes.def"
File: csquotes.def 2011/10/22 v5.1d csquotes generic definitions
)
Package csquotes Info: Trying to load configuration file 'csquotes.cfg'...
Package csquotes Info: ... configuration file loaded successfully.

("d:\Program Files (x86)\MiKTeX 2.9\tex\latex\csquotes\csquotes.cfg"
File: csquotes.cfg 
)
Package csquotes Info: Enabling multilingual quotes.
Package csquotes Info: Redefining alias 'english' -> 'english/american'.
)
Package csquotes Info: Allocating character ".

("d:\Program Files (x86)\MiKTeX 2.9\tex\latex\caption\caption.sty"
Package: caption 2013/05/02 v3.3-89 Customizing captions (AR)

("d:\Program Files (x86)\MiKTeX 2.9\tex\latex\caption\caption3.sty"
Package: caption3 2013/05/02 v1.6-88 caption3 kernel (AR)
Package caption3 Info: TeX engine: e-TeX on input line 57.
\captionmargin=\dimen126
\captionmargin@=\dimen127
\captionwidth=\dimen128
\caption@tempdima=\dimen129
\caption@indent=\dimen130
\caption@parindent=\dimen131
\caption@hangindent=\dimen132
)
\c@ContinuedFloat=\count122
Package caption Info: float package is loaded.
Package caption Info: longtable package is loaded.

("d:\Program Files (x86)\MiKTeX 2.9\tex\latex\caption\ltcaption.sty"
Package: ltcaption 2013/02/03 v1.3-62 longtable captions (AR)
))
("d:\Program Files (x86)\MiKTeX 2.9\tex\latex\caption\subcaption.sty"
Package: subcaption 2013/02/03 v1.1-62 Sub-captions (AR)
\c@subfigure=\count123
\c@subtable=\count124
)
("d:\Program Files (x86)\MiKTeX 2.9\tex\latex\listings\listings.sty"
\lst@mode=\count125
\lst@gtempboxa=\box34
\lst@token=\toks27
\lst@length=\count126
\lst@currlwidth=\dimen133
\lst@column=\count127
\lst@pos=\count128
\lst@lostspace=\dimen134
\lst@width=\dimen135
\lst@newlines=\count129
\lst@lineno=\count130
\lst@maxwidth=\dimen136

("d:\Program Files (x86)\MiKTeX 2.9\tex\latex\listings\lstmisc.sty"
File: lstmisc.sty 2013/08/26 1.5b (Carsten Heinz)
\c@lstnumber=\count131
\lst@skipnumbers=\count132
\lst@framebox=\box35
)
("d:\Program Files (x86)\MiKTeX 2.9\tex\latex\listings\listings.cfg"
File: listings.cfg 2013/08/26 1.5b listings configuration
))
Package: listings 2013/08/26 1.5b (Carsten Heinz)

("d:\Program Files (x86)\MiKTeX 2.9\tex\latex\graphics\color.sty"
Package: color 2005/11/14 v1.0j Standard LaTeX Color (DPC)

("d:\Program Files (x86)\MiKTeX 2.9\tex\latex\00miktex\color.cfg"
File: color.cfg 2007/01/18 v1.5 color configuration of teTeX/TeXLive
)
Package color Info: Driver file: pdftex.def on input line 130.
)
("d:\Program Files (x86)\MiKTeX 2.9\tex\latex\hyperref\hyperref.sty"
Package: hyperref 2012/11/06 v6.83m Hypertext links for LaTeX

("d:\Program Files (x86)\MiKTeX 2.9\tex\generic\oberdiek\hobsub-hyperref.sty"
Package: hobsub-hyperref 2012/04/25 v1.12 Bundle oberdiek, subset hyperref (HO)


("d:\Program Files (x86)\MiKTeX 2.9\tex\generic\oberdiek\hobsub-generic.sty"
Package: hobsub-generic 2012/04/25 v1.12 Bundle oberdiek, subset generic (HO)
Package: hobsub 2012/04/25 v1.12 Construct package bundles (HO)
Package hobsub Info: Skipping package `infwarerr' (already loaded).
Package hobsub Info: Skipping package `ltxcmds' (already loaded).
Package hobsub Info: Skipping package `ifluatex' (already loaded).
Package hobsub Info: Skipping package `ifvtex' (already loaded).
Package: intcalc 2007/09/27 v1.1 Expandable calculations with integers (HO)
Package hobsub Info: Skipping package `ifpdf' (already loaded).
Package hobsub Info: Skipping package `etexcmds' (already loaded).
Package hobsub Info: Skipping package `kvsetkeys' (already loaded).
Package: kvdefinekeys 2011/04/07 v1.3 Define keys (HO)
Package: pdftexcmds 2011/11/29 v0.20 Utility functions of pdfTeX for LuaTeX (HO
)
Package pdftexcmds Info: LuaTeX not detected.
Package pdftexcmds Info: \pdf@primitive is available.
Package pdftexcmds Info: \pdf@ifprimitive is available.
Package pdftexcmds Info: \pdfdraftmode found.
Package: pdfescape 2011/11/25 v1.13 Implements pdfTeX's escape features (HO)
Package: bigintcalc 2012/04/08 v1.3 Expandable calculations on big integers (HO
)
Package: bitset 2011/01/30 v1.1 Handle bit-vector datatype (HO)
Package: uniquecounter 2011/01/30 v1.2 Provide unlimited unique counter (HO)
)
Package hobsub Info: Skipping package `hobsub' (already loaded).
Package: letltxmacro 2010/09/02 v1.4 Let assignment for LaTeX macros (HO)
Package: hopatch 2011/06/24 v1.1 Wrapper for package hooks (HO)
Package: xcolor-patch 2011/01/30 xcolor patch
Package: atveryend 2011/06/30 v1.8 Hooks at the very end of document (HO)
Package: atbegshi 2011/10/05 v1.16 At begin shipout hook (HO)
Package: refcount 2011/10/16 v3.4 Data extraction from label references (HO)
Package: hycolor 2011/01/30 v1.7 Color options for hyperref/bookmark (HO)
)
("d:\Program Files (x86)\MiKTeX 2.9\tex\latex\oberdiek\auxhook.sty"
Package: auxhook 2011/03/04 v1.3 Hooks for auxiliary files (HO)
)
\@linkdim=\dimen137
\Hy@linkcounter=\count133
\Hy@pagecounter=\count134

("d:\Program Files (x86)\MiKTeX 2.9\tex\latex\hyperref\pd1enc.def"
File: pd1enc.def 2012/11/06 v6.83m Hyperref: PDFDocEncoding definition (HO)
)
\Hy@SavedSpaceFactor=\count135

("d:\Program Files (x86)\MiKTeX 2.9\tex\latex\00miktex\hyperref.cfg"
File: hyperref.cfg 2002/06/06 v1.2 hyperref configuration of TeXLive
)
Package hyperref Info: Hyper figures OFF on input line 4443.
Package hyperref Info: Link nesting OFF on input line 4448.
Package hyperref Info: Hyper index ON on input line 4451.
Package hyperref Info: Plain pages OFF on input line 4458.
Package hyperref Info: Backreferencing OFF on input line 4463.
Package hyperref Info: Implicit mode ON; LaTeX internals redefined.
Package hyperref Info: Bookmarks ON on input line 4688.
\c@Hy@tempcnt=\count136
LaTeX Info: Redefining \url on input line 5041.
\XeTeXLinkMargin=\dimen138
\Fld@menulength=\count137
\Field@Width=\dimen139
\Fld@charsize=\dimen140
Package hyperref Info: Hyper figures OFF on input line 6295.
Package hyperref Info: Link nesting OFF on input line 6300.
Package hyperref Info: Hyper index ON on input line 6303.
Package hyperref Info: backreferencing OFF on input line 6310.
Package hyperref Info: Link coloring OFF on input line 6315.
Package hyperref Info: Link coloring with OCG OFF on input line 6320.
Package hyperref Info: PDF/A mode OFF on input line 6325.
LaTeX Info: Redefining \ref on input line 6365.
LaTeX Info: Redefining \pageref on input line 6369.
\Hy@abspage=\count138
\c@Item=\count139
\c@Hfootnote=\count140
)

Package hyperref Message: Driver (autodetected): hpdftex.

("d:\Program Files (x86)\MiKTeX 2.9\tex\latex\hyperref\hpdftex.def"
File: hpdftex.def 2012/11/06 v6.83m Hyperref driver for pdfTeX
\Fld@listcount=\count141
\c@bookmark@seq@number=\count142

("d:\Program Files (x86)\MiKTeX 2.9\tex\latex\oberdiek\rerunfilecheck.sty"
Package: rerunfilecheck 2011/04/15 v1.7 Rerun checks for auxiliary files (HO)
Package uniquecounter Info: New unique counter `rerunfilecheck' on input line 2
82.
)
\Hy@SectionHShift=\skip50
)
("d:\Program Files (x86)\MiKTeX 2.9\tex\latex\base\inputenc.sty"
Package: inputenc 2008/03/30 v1.1d Input encoding file
\inpenc@prehook=\toks28
\inpenc@posthook=\toks29

("d:\Program Files (x86)\MiKTeX 2.9\tex\latex\base\utf8.def"
File: utf8.def 2008/04/05 v1.1m UTF-8 support for inputenc
Now handling font encoding OML ...
... no UTF-8 mapping file for font encoding OML
Now handling font encoding T1 ...
... processing UTF-8 mapping file for font encoding T1

("d:\Program Files (x86)\MiKTeX 2.9\tex\latex\base\t1enc.dfu"
File: t1enc.dfu 2008/04/05 v1.1m UTF-8 support for inputenc
   defining Unicode char U+00A1 (decimal 161)
   defining Unicode char U+00A3 (decimal 163)
   defining Unicode char U+00AB (decimal 171)
   defining Unicode char U+00BB (decimal 187)
   defining Unicode char U+00BF (decimal 191)
   defining Unicode char U+00C0 (decimal 192)
   defining Unicode char U+00C1 (decimal 193)
   defining Unicode char U+00C2 (decimal 194)
   defining Unicode char U+00C3 (decimal 195)
   defining Unicode char U+00C4 (decimal 196)
   defining Unicode char U+00C5 (decimal 197)
   defining Unicode char U+00C6 (decimal 198)
   defining Unicode char U+00C7 (decimal 199)
   defining Unicode char U+00C8 (decimal 200)
   defining Unicode char U+00C9 (decimal 201)
   defining Unicode char U+00CA (decimal 202)
   defining Unicode char U+00CB (decimal 203)
   defining Unicode char U+00CC (decimal 204)
   defining Unicode char U+00CD (decimal 205)
   defining Unicode char U+00CE (decimal 206)
   defining Unicode char U+00CF (decimal 207)
   defining Unicode char U+00D0 (decimal 208)
   defining Unicode char U+00D1 (decimal 209)
   defining Unicode char U+00D2 (decimal 210)
   defining Unicode char U+00D3 (decimal 211)
   defining Unicode char U+00D4 (decimal 212)
   defining Unicode char U+00D5 (decimal 213)
   defining Unicode char U+00D6 (decimal 214)
   defining Unicode char U+00D8 (decimal 216)
   defining Unicode char U+00D9 (decimal 217)
   defining Unicode char U+00DA (decimal 218)
   defining Unicode char U+00DB (decimal 219)
   defining Unicode char U+00DC (decimal 220)
   defining Unicode char U+00DD (decimal 221)
   defining Unicode char U+00DE (decimal 222)
   defining Unicode char U+00DF (decimal 223)
   defining Unicode char U+00E0 (decimal 224)
   defining Unicode char U+00E1 (decimal 225)
   defining Unicode char U+00E2 (decimal 226)
   defining Unicode char U+00E3 (decimal 227)
   defining Unicode char U+00E4 (decimal 228)
   defining Unicode char U+00E5 (decimal 229)
   defining Unicode char U+00E6 (decimal 230)
   defining Unicode char U+00E7 (decimal 231)
   defining Unicode char U+00E8 (decimal 232)
   defining Unicode char U+00E9 (decimal 233)
   defining Unicode char U+00EA (decimal 234)
   defining Unicode char U+00EB (decimal 235)
   defining Unicode char U+00EC (decimal 236)
   defining Unicode char U+00ED (decimal 237)
   defining Unicode char U+00EE (decimal 238)
   defining Unicode char U+00EF (decimal 239)
   defining Unicode char U+00F0 (decimal 240)
   defining Unicode char U+00F1 (decimal 241)
   defining Unicode char U+00F2 (decimal 242)
   defining Unicode char U+00F3 (decimal 243)
   defining Unicode char U+00F4 (decimal 244)
   defining Unicode char U+00F5 (decimal 245)
   defining Unicode char U+00F6 (decimal 246)
   defining Unicode char U+00F8 (decimal 248)
   defining Unicode char U+00F9 (decimal 249)
   defining Unicode char U+00FA (decimal 250)
   defining Unicode char U+00FB (decimal 251)
   defining Unicode char U+00FC (decimal 252)
   defining Unicode char U+00FD (decimal 253)
   defining Unicode char U+00FE (decimal 254)
   defining Unicode char U+00FF (decimal 255)
   defining Unicode char U+0102 (decimal 258)
   defining Unicode char U+0103 (decimal 259)
   defining Unicode char U+0104 (decimal 260)
   defining Unicode char U+0105 (decimal 261)
   defining Unicode char U+0106 (decimal 262)
   defining Unicode char U+0107 (decimal 263)
   defining Unicode char U+010C (decimal 268)
   defining Unicode char U+010D (decimal 269)
   defining Unicode char U+010E (decimal 270)
   defining Unicode char U+010F (decimal 271)
   defining Unicode char U+0110 (decimal 272)
   defining Unicode char U+0111 (decimal 273)
   defining Unicode char U+0118 (decimal 280)
   defining Unicode char U+0119 (decimal 281)
   defining Unicode char U+011A (decimal 282)
   defining Unicode char U+011B (decimal 283)
   defining Unicode char U+011E (decimal 286)
   defining Unicode char U+011F (decimal 287)
   defining Unicode char U+0130 (decimal 304)
   defining Unicode char U+0131 (decimal 305)
   defining Unicode char U+0132 (decimal 306)
   defining Unicode char U+0133 (decimal 307)
   defining Unicode char U+0139 (decimal 313)
   defining Unicode char U+013A (decimal 314)
   defining Unicode char U+013D (decimal 317)
   defining Unicode char U+013E (decimal 318)
   defining Unicode char U+0141 (decimal 321)
   defining Unicode char U+0142 (decimal 322)
   defining Unicode char U+0143 (decimal 323)
   defining Unicode char U+0144 (decimal 324)
   defining Unicode char U+0147 (decimal 327)
   defining Unicode char U+0148 (decimal 328)
   defining Unicode char U+014A (decimal 330)
   defining Unicode char U+014B (decimal 331)
   defining Unicode char U+0150 (decimal 336)
   defining Unicode char U+0151 (decimal 337)
   defining Unicode char U+0152 (decimal 338)
   defining Unicode char U+0153 (decimal 339)
   defining Unicode char U+0154 (decimal 340)
   defining Unicode char U+0155 (decimal 341)
   defining Unicode char U+0158 (decimal 344)
   defining Unicode char U+0159 (decimal 345)
   defining Unicode char U+015A (decimal 346)
   defining Unicode char U+015B (decimal 347)
   defining Unicode char U+015E (decimal 350)
   defining Unicode char U+015F (decimal 351)
   defining Unicode char U+0160 (decimal 352)
   defining Unicode char U+0161 (decimal 353)
   defining Unicode char U+0162 (decimal 354)
   defining Unicode char U+0163 (decimal 355)
   defining Unicode char U+0164 (decimal 356)
   defining Unicode char U+0165 (decimal 357)
   defining Unicode char U+016E (decimal 366)
   defining Unicode char U+016F (decimal 367)
   defining Unicode char U+0170 (decimal 368)
   defining Unicode char U+0171 (decimal 369)
   defining Unicode char U+0178 (decimal 376)
   defining Unicode char U+0179 (decimal 377)
   defining Unicode char U+017A (decimal 378)
   defining Unicode char U+017B (decimal 379)
   defining Unicode char U+017C (decimal 380)
   defining Unicode char U+017D (decimal 381)
   defining Unicode char U+017E (decimal 382)
   defining Unicode char U+200C (decimal 8204)
   defining Unicode char U+2013 (decimal 8211)
   defining Unicode char U+2014 (decimal 8212)
   defining Unicode char U+2018 (decimal 8216)
   defining Unicode char U+2019 (decimal 8217)
   defining Unicode char U+201A (decimal 8218)
   defining Unicode char U+201C (decimal 8220)
   defining Unicode char U+201D (decimal 8221)
   defining Unicode char U+201E (decimal 8222)
   defining Unicode char U+2030 (decimal 8240)
   defining Unicode char U+2031 (decimal 8241)
   defining Unicode char U+2039 (decimal 8249)
   defining Unicode char U+203A (decimal 8250)
   defining Unicode char U+2423 (decimal 9251)
)
Now handling font encoding OT1 ...
... processing UTF-8 mapping file for font encoding OT1

("d:\Program Files (x86)\MiKTeX 2.9\tex\latex\base\ot1enc.dfu"
File: ot1enc.dfu 2008/04/05 v1.1m UTF-8 support for inputenc
   defining Unicode char U+00A1 (decimal 161)
   defining Unicode char U+00A3 (decimal 163)
   defining Unicode char U+00B8 (decimal 184)
   defining Unicode char U+00BF (decimal 191)
   defining Unicode char U+00C5 (decimal 197)
   defining Unicode char U+00C6 (decimal 198)
   defining Unicode char U+00D8 (decimal 216)
   defining Unicode char U+00DF (decimal 223)
   defining Unicode char U+00E6 (decimal 230)
   defining Unicode char U+00EC (decimal 236)
   defining Unicode char U+00ED (decimal 237)
   defining Unicode char U+00EE (decimal 238)
   defining Unicode char U+00EF (decimal 239)
   defining Unicode char U+00F8 (decimal 248)
   defining Unicode char U+0131 (decimal 305)
   defining Unicode char U+0141 (decimal 321)
   defining Unicode char U+0142 (decimal 322)
   defining Unicode char U+0152 (decimal 338)
   defining Unicode char U+0153 (decimal 339)
   defining Unicode char U+2013 (decimal 8211)
   defining Unicode char U+2014 (decimal 8212)
   defining Unicode char U+2018 (decimal 8216)
   defining Unicode char U+2019 (decimal 8217)
   defining Unicode char U+201C (decimal 8220)
   defining Unicode char U+201D (decimal 8221)
)
Now handling font encoding OMS ...
... processing UTF-8 mapping file for font encoding OMS

("d:\Program Files (x86)\MiKTeX 2.9\tex\latex\base\omsenc.dfu"
File: omsenc.dfu 2008/04/05 v1.1m UTF-8 support for inputenc
   defining Unicode char U+00A7 (decimal 167)
   defining Unicode char U+00B6 (decimal 182)
   defining Unicode char U+00B7 (decimal 183)
   defining Unicode char U+2020 (decimal 8224)
   defining Unicode char U+2021 (decimal 8225)
   defining Unicode char U+2022 (decimal 8226)
)
Now handling font encoding OMX ...
... no UTF-8 mapping file for font encoding OMX
Now handling font encoding U ...
... no UTF-8 mapping file for font encoding U
Now handling font encoding PD1 ...
... no UTF-8 mapping file for font encoding PD1
   defining Unicode char U+00A9 (decimal 169)
   defining Unicode char U+00AA (decimal 170)
   defining Unicode char U+00AE (decimal 174)
   defining Unicode char U+00BA (decimal 186)
   defining Unicode char U+02C6 (decimal 710)
   defining Unicode char U+02DC (decimal 732)
   defining Unicode char U+200C (decimal 8204)
   defining Unicode char U+2026 (decimal 8230)
   defining Unicode char U+2122 (decimal 8482)
   defining Unicode char U+2423 (decimal 9251)
))
("d:\Program Files (x86)\MiKTeX 2.9\tex\latex\oberdiek\pdflscape.sty"
Package: pdflscape 2008/08/11 v0.10 Display of landscape pages in PDF (HO)

("d:\Program Files (x86)\MiKTeX 2.9\tex\latex\graphics\lscape.sty"
Package: lscape 2000/10/22 v3.01 Landscape Pages (DPC)
)
Package pdflscape Info: Auto-detected driver: pdftex on input line 80.
)
("d:\Program Files (x86)\MiKTeX 2.9\tex\latex\tools\bm.sty"
Package: bm 2004/02/26 v1.1c Bold Symbol Support (DPC/FMi)
\symboldoperators=\mathgroup6
\symboldletters=\mathgroup7
\symboldsymbols=\mathgroup8
LaTeX Font Info:    Redeclaring math alphabet \mathbf on input line 138.
LaTeX Info: Redefining \bm on input line 204.
)
("d:\Program Files (x86)\MiKTeX 2.9\tex\latex\ctable\ctable.sty"
Package: ctable 2015/10/17 v1.31 ctable package for flexible typesetting of tab
le and figure floats using key/value directives

("d:\Program Files (x86)\MiKTeX 2.9\tex\latex\xcolor\xcolor.sty"
Package: xcolor 2007/01/21 v2.11 LaTeX color extensions (UK)

("d:\Program Files (x86)\MiKTeX 2.9\tex\latex\00miktex\color.cfg"
File: color.cfg 2007/01/18 v1.5 color configuration of teTeX/TeXLive
)
Package xcolor Info: Driver file: pdftex.def on input line 225.
LaTeX Info: Redefining \color on input line 702.
Package xcolor Info: Model `cmy' substituted by `cmy0' on input line 1337.
Package xcolor Info: Model `hsb' substituted by `rgb' on input line 1341.
Package xcolor Info: Model `RGB' extended on input line 1353.
Package xcolor Info: Model `HTML' substituted by `rgb' on input line 1355.
Package xcolor Info: Model `Hsb' substituted by `hsb' on input line 1356.
Package xcolor Info: Model `tHsb' substituted by `hsb' on input line 1357.
Package xcolor Info: Model `HSB' substituted by `hsb' on input line 1358.
Package xcolor Info: Model `Gray' substituted by `gray' on input line 1359.
Package xcolor Info: Model `wave' substituted by `hsb' on input line 1360.
)
("d:\Program Files (x86)\MiKTeX 2.9\tex\latex\xkeyval\xkeyval.sty"
Package: xkeyval 2012/10/14 v2.6b package option processing (HA)

("d:\Program Files (x86)\MiKTeX 2.9\tex\generic\xkeyval\xkeyval.tex"
\XKV@toks=\toks30
\XKV@tempa@toks=\toks31
\XKV@depth=\count143
File: xkeyval.tex 2012/10/14 v2.6b key=value parser (HA)
))
("d:\Program Files (x86)\MiKTeX 2.9\tex\latex\tools\array.sty"
Package: array 2008/09/09 v2.4c Tabular extension package (FMi)
\col@sep=\dimen141
\extrarowheight=\dimen142
\NC@list=\toks32
\extratabsurround=\skip51
\backup@length=\skip52
)
("d:\Program Files (x86)\MiKTeX 2.9\tex\latex\tools\tabularx.sty"
Package: tabularx 1999/01/07 v2.07 `tabularx' package (DPC)
\TX@col@width=\dimen143
\TX@old@table=\dimen144
\TX@old@col=\dimen145
\TX@target=\dimen146
\TX@delta=\dimen147
\TX@cols=\count144
\TX@ftn=\toks33
)
("d:\Program Files (x86)\MiKTeX 2.9\tex\latex\booktabs\booktabs.sty"
Package: booktabs 2005/04/14 v1.61803 publication quality tables
\heavyrulewidth=\dimen148
\lightrulewidth=\dimen149
\cmidrulewidth=\dimen150
\belowrulesep=\dimen151
\belowbottomsep=\dimen152
\aboverulesep=\dimen153
\abovetopsep=\dimen154
\cmidrulesep=\dimen155
\cmidrulekern=\dimen156
\defaultaddspace=\dimen157
\@cmidla=\count145
\@cmidlb=\count146
\@aboverulesep=\dimen158
\@belowrulesep=\dimen159
\@thisruleclass=\count147
\@lastruleclass=\count148
\@thisrulewidth=\dimen160
)
("d:\Program Files (x86)\MiKTeX 2.9\tex\latex\rotating\rotating.sty"
Package: rotating 2009/03/28 v2.16a rotated objects in LaTeX

("d:\Program Files (x86)\MiKTeX 2.9\tex\latex\base\ifthen.sty"
Package: ifthen 2001/05/26 v1.1c Standard LaTeX ifthen package (DPC)
)
\c@r@tfl@t=\count149
\rotFPtop=\skip53
\rotFPbot=\skip54
\rot@float@box=\box36
\rot@mess@toks=\toks34
)
("d:\Program Files (x86)\MiKTeX 2.9\tex\latex\oberdiek\transparent.sty"
Package: transparent 2007/01/08 v1.0 Transparency via pdfTeX's color stack (HO)

)
\@CTframesep=\dimen161
\@dfltCTframesep=\dimen162
\@CTframerule=\dimen163
\@dfltCTframerule=\dimen164
\@CTwidth=\dimen165
\@dfltCTwidth=\dimen166
\@CTcaptionskip=\dimen167
\@dfltCTcaptionskip=\dimen168
\@CTmaxwidth=\dimen169
\@dfltCTmaxwidth=\dimen170
\@CTmincapwidth=\dimen171
\@dfltCTmincapwidth=\dimen172
\@CTfooterwidth=\dimen173
\@dfltCTfooterwidth=\dimen174
\@CTw=\dimen175
\@CTfloatwidth=\dimen176
\@CToldsep=\dimen177
\@CToldrule=\dimen178
\CT@t=\box37
\@CTcurftwidth=\dimen179
)
("d:\Program Files (x86)\MiKTeX 2.9\tex\latex\xpatch\xpatch.sty"
("d:\Program Files (x86)\MiKTeX 2.9\tex\latex\l3kernel\expl3.sty"
("d:\Program Files (x86)\MiKTeX 2.9\tex\latex\l3kernel\l3names.sty"
("d:\Program Files (x86)\MiKTeX 2.9\tex\latex\l3kernel\l3bootstrap.sty"
Package: l3bootstrap 2014/01/04 v4640 L3 Experimental bootstrap code
)
Package: l3names 2014/01/04 v4640 L3 Namespace for primitives
)
Package: expl3 2014/01/07 v4646 L3 Experimental code bundle wrapper

("d:\Program Files (x86)\MiKTeX 2.9\tex\latex\l3kernel\l3basics.sty"
Package: l3basics 2014/01/04 v4642 L3 Basic definitions
)
("d:\Program Files (x86)\MiKTeX 2.9\tex\latex\l3kernel\l3expan.sty"
Package: l3expan 2014/01/04 v4642 L3 Argument expansion
)
("d:\Program Files (x86)\MiKTeX 2.9\tex\latex\l3kernel\l3tl.sty"
Package: l3tl 2013/12/27 v4625 L3 Token lists
)
("d:\Program Files (x86)\MiKTeX 2.9\tex\latex\l3kernel\l3seq.sty"
Package: l3seq 2013/12/14 v4623 L3 Sequences and stacks
)
("d:\Program Files (x86)\MiKTeX 2.9\tex\latex\l3kernel\l3int.sty"
Package: l3int 2013/08/02 v4583 L3 Integers
\c_max_int=\count150
\l_tmpa_int=\count151
\l_tmpb_int=\count152
\g_tmpa_int=\count153
\g_tmpb_int=\count154
)
("d:\Program Files (x86)\MiKTeX 2.9\tex\latex\l3kernel\l3quark.sty"
Package: l3quark 2013/12/14 v4623 L3 Quarks
)
("d:\Program Files (x86)\MiKTeX 2.9\tex\latex\l3kernel\l3prg.sty"
Package: l3prg 2014/01/04 v4642 L3 Control structures
\g__prg_map_int=\count155
)
("d:\Program Files (x86)\MiKTeX 2.9\tex\latex\l3kernel\l3clist.sty"
Package: l3clist 2013/07/28 v4581 L3 Comma separated lists
)
("d:\Program Files (x86)\MiKTeX 2.9\tex\latex\l3kernel\l3token.sty"
Package: l3token 2013/08/25 v4587 L3 Experimental token manipulation
)
("d:\Program Files (x86)\MiKTeX 2.9\tex\latex\l3kernel\l3prop.sty"
Package: l3prop 2013/12/14 v4623 L3 Property lists
)
("d:\Program Files (x86)\MiKTeX 2.9\tex\latex\l3kernel\l3msg.sty"
Package: l3msg 2013/07/28 v4581 L3 Messages
)
("d:\Program Files (x86)\MiKTeX 2.9\tex\latex\l3kernel\l3file.sty"
Package: l3file 2013/10/13 v4596 L3 File and I/O operations
\l_iow_line_count_int=\count156
\l__iow_target_count_int=\count157
\l__iow_current_line_int=\count158
\l__iow_current_word_int=\count159
\l__iow_current_indentation_int=\count160
)
("d:\Program Files (x86)\MiKTeX 2.9\tex\latex\l3kernel\l3skip.sty"
Package: l3skip 2013/07/28 v4581 L3 Dimensions and skips
\c_zero_dim=\dimen180
\c_max_dim=\dimen181
\l_tmpa_dim=\dimen182
\l_tmpb_dim=\dimen183
Normal \dimen register pool exhausted, switching to extended pool.
\g_tmpa_dim=\dimen256
\g_tmpb_dim=\dimen257
\c_zero_skip=\skip55
\c_max_skip=\skip56
\l_tmpa_skip=\skip57
\l_tmpb_skip=\skip58
\g_tmpa_skip=\skip59
\g_tmpb_skip=\skip60
\c_zero_muskip=\muskip12
\c_max_muskip=\muskip13
\l_tmpa_muskip=\muskip14
\l_tmpb_muskip=\muskip15
\g_tmpa_muskip=\muskip16
\g_tmpb_muskip=\muskip17
)
("d:\Program Files (x86)\MiKTeX 2.9\tex\latex\l3kernel\l3keys.sty"
Package: l3keys 2013/12/08 v4614 L3 Experimental key-value interfaces
\g__keyval_level_int=\count161
\l_keys_choice_int=\count162
)
("d:\Program Files (x86)\MiKTeX 2.9\tex\latex\l3kernel\l3fp.sty"
Package: l3fp 2014/01/04 v4642 L3 Floating points
\c__fp_leading_shift_int=\count163
\c__fp_middle_shift_int=\count164
\c__fp_trailing_shift_int=\count165
\c__fp_big_leading_shift_int=\count166
\c__fp_big_middle_shift_int=\count167
\c__fp_big_trailing_shift_int=\count168
\c__fp_Bigg_leading_shift_int=\count169
\c__fp_Bigg_middle_shift_int=\count170
\c__fp_Bigg_trailing_shift_int=\count171
)
("d:\Program Files (x86)\MiKTeX 2.9\tex\latex\l3kernel\l3box.sty"
Package: l3box 2013/07/28 v4581 L3 Experimental boxes
\c_empty_box=\box38
\l_tmpa_box=\box39
\l_tmpb_box=\box40
\g_tmpa_box=\box41
\g_tmpb_box=\box42
)
("d:\Program Files (x86)\MiKTeX 2.9\tex\latex\l3kernel\l3coffins.sty"
Package: l3coffins 2013/12/14 v4624 L3 Coffin code layer
\l__coffin_internal_box=\box43
\l__coffin_internal_dim=\dimen258
\l__coffin_offset_x_dim=\dimen259
\l__coffin_offset_y_dim=\dimen260
\l__coffin_x_dim=\dimen261
\l__coffin_y_dim=\dimen262
\l__coffin_x_prime_dim=\dimen263
\l__coffin_y_prime_dim=\dimen264
\c_empty_coffin=\box44
\l__coffin_aligned_coffin=\box45
\l__coffin_aligned_internal_coffin=\box46
\l_tmpa_coffin=\box47
\l_tmpb_coffin=\box48
\l__coffin_display_coffin=\box49
\l__coffin_display_coord_coffin=\box50
\l__coffin_display_pole_coffin=\box51
\l__coffin_display_offset_dim=\dimen265
\l__coffin_display_x_dim=\dimen266
\l__coffin_display_y_dim=\dimen267
)
("d:\Program Files (x86)\MiKTeX 2.9\tex\latex\l3kernel\l3color.sty"
Package: l3color 2012/08/29 v4156 L3 Experimental color support
)
("d:\Program Files (x86)\MiKTeX 2.9\tex\latex\l3kernel\l3luatex.sty"
Package: l3luatex 2013/07/28 v4581 L3 Experimental LuaTeX-specific functions
\g__cctab_allocate_int=\count172
\g__cctab_stack_int=\count173
)
("d:\Program Files (x86)\MiKTeX 2.9\tex\latex\l3kernel\l3candidates.sty"
Package: l3candidates 2014/01/06 v4643 L3 Experimental additions to l3kernel
\l__box_top_dim=\dimen268
\l__box_bottom_dim=\dimen269
\l__box_left_dim=\dimen270
\l__box_right_dim=\dimen271
\l__box_top_new_dim=\dimen272
\l__box_bottom_new_dim=\dimen273
\l__box_left_new_dim=\dimen274
\l__box_right_new_dim=\dimen275
\l__box_internal_box=\box52
\l__coffin_bounding_shift_dim=\dimen276
\l__coffin_left_corner_dim=\dimen277
\l__coffin_right_corner_dim=\dimen278
\l__coffin_bottom_corner_dim=\dimen279
\l__coffin_top_corner_dim=\dimen280
\l__coffin_scaled_total_height_dim=\dimen281
\l__coffin_scaled_width_dim=\dimen282
))
Package: xpatch 2012/10/02 v0.3 Extending etoolbox patching commands

("d:\Program Files (x86)\MiKTeX 2.9\tex\latex\l3packages\xparse\xparse.sty"
Package: xparse 2013/12/31 v4634 L3 Experimental document command parser
\l__xparse_current_arg_int=\count174
\l__xparse_m_args_int=\count175
\l__xparse_mandatory_args_int=\count176
\l__xparse_processor_int=\count177
\l__xparse_v_nesting_int=\count178
)
.................................................
. LaTeX info: "xparse/define-command"
. 
. Defining document command \xpatchcmd with arg. spec. '' on line 125.
.................................................
.................................................
. LaTeX info: "xparse/define-command"
. 
. Defining document command \xpretocmd with arg. spec. '' on line 126.
.................................................
.................................................
. LaTeX info: "xparse/define-command"
. 
. Defining document command \xapptocmd with arg. spec. '' on line 127.
.................................................
.................................................
. LaTeX info: "xparse/define-command"
. 
. Defining document command \xshowcmd with arg. spec. '' on line 128.
.................................................
.................................................
. LaTeX info: "xparse/define-command"
. 
. Defining document command \xpatchbibmacro with arg. spec. 'm' on line 131.
.................................................
.................................................
. LaTeX info: "xparse/define-command"
. 
. Defining document command \xpretobibmacro with arg. spec. 'm' on line 133.
.................................................
.................................................
. LaTeX info: "xparse/define-command"
. 
. Defining document command \xapptobibmacro with arg. spec. 'm' on line 135.
.................................................
.................................................
. LaTeX info: "xparse/define-command"
. 
. Defining document command \xshowbibmacro with arg. spec. 'm' on line 137.
.................................................
.................................................
. LaTeX info: "xparse/define-command"
. 
. Defining document command \xpatchfieldformat with arg. spec. 'O{*}m' on line
. 139.
.................................................
.................................................
. LaTeX info: "xparse/define-command"
. 
. Defining document command \xpretofieldformat with arg. spec. 'O{*}m' on line
. 141.
.................................................
.................................................
. LaTeX info: "xparse/define-command"
. 
. Defining document command \xapptofieldformat with arg. spec. 'O{*}m' on line
. 143.
.................................................
.................................................
. LaTeX info: "xparse/define-command"
. 
. Defining document command \xshowfieldformat with arg. spec. 'O{*}m' on line
. 145.
.................................................
.................................................
. LaTeX info: "xparse/define-command"
. 
. Defining document command \xpatchnameformat with arg. spec. 'O{*}m' on line
. 147.
.................................................
.................................................
. LaTeX info: "xparse/define-command"
. 
. Defining document command \xpretonameformat with arg. spec. 'O{*}m' on line
. 149.
.................................................
.................................................
. LaTeX info: "xparse/define-command"
. 
. Defining document command \xapptonameformat with arg. spec. 'O{*}m' on line
. 151.
.................................................
.................................................
. LaTeX info: "xparse/define-command"
. 
. Defining document command \xshownameformat with arg. spec. 'O{*}m' on line
. 153.
.................................................
.................................................
. LaTeX info: "xparse/define-command"
. 
. Defining document command \xpatchlistformat with arg. spec. 'O{*}m' on line
. 155.
.................................................
.................................................
. LaTeX info: "xparse/define-command"
. 
. Defining document command \xpretolistformat with arg. spec. 'O{*}m' on line
. 157.
.................................................
.................................................
. LaTeX info: "xparse/define-command"
. 
. Defining document command \xapptolistformat with arg. spec. 'O{*}m' on line
. 159.
.................................................
.................................................
. LaTeX info: "xparse/define-command"
. 
. Defining document command \xshowlistformat with arg. spec. 'O{*}m' on line
. 161.
.................................................
.................................................
. LaTeX info: "xparse/define-command"
. 
. Defining document command \xpatchindexfieldformat with arg. spec. 'O{*}m' on
. line 163.
.................................................
.................................................
. LaTeX info: "xparse/define-command"
. 
. Defining document command \xpretoindexfieldformat with arg. spec. 'O{*}m' on
. line 165.
.................................................
.................................................
. LaTeX info: "xparse/define-command"
. 
. Defining document command \xapptoindexfieldformat with arg. spec. 'O{*}m' on
. line 167.
.................................................
.................................................
. LaTeX info: "xparse/define-command"
. 
. Defining document command \xshowindexfieldformat with arg. spec. 'O{*}m' on
. line 169.
.................................................
.................................................
. LaTeX info: "xparse/define-command"
. 
. Defining document command \xpatchindexnameformat with arg. spec. 'O{*}m' on
. line 171.
.................................................
.................................................
. LaTeX info: "xparse/define-command"
. 
. Defining document command \xpretoindexnameformat with arg. spec. 'O{*}m' on
. line 173.
.................................................
.................................................
. LaTeX info: "xparse/define-command"
. 
. Defining document command \xapptoindexnameformat with arg. spec. 'O{*}m' on
. line 175.
.................................................
.................................................
. LaTeX info: "xparse/define-command"
. 
. Defining document command \xshowindexnameformat with arg. spec. 'O{*}m' on
. line 177.
.................................................
.................................................
. LaTeX info: "xparse/define-command"
. 
. Defining document command \xpatchindexlistformat with arg. spec. 'O{*}m' on
. line 179.
.................................................
.................................................
. LaTeX info: "xparse/define-command"
. 
. Defining document command \xpretoindexlistformat with arg. spec. 'O{*}m' on
. line 181.
.................................................
.................................................
. LaTeX info: "xparse/define-command"
. 
. Defining document command \xappindextolistformat with arg. spec. 'O{*}m' on
. line 183.
.................................................
.................................................
. LaTeX info: "xparse/define-command"
. 
. Defining document command \xshowindexlistformat with arg. spec. 'O{*}m' on
. line 185.
.................................................
.................................................
. LaTeX info: "xparse/define-command"
. 
. Defining document command \xpatchbibdriver with arg. spec. 'm' on line 187.
.................................................
.................................................
. LaTeX info: "xparse/define-command"
. 
. Defining document command \xpretobibdriver with arg. spec. 'm' on line 189.
.................................................
.................................................
. LaTeX info: "xparse/define-command"
. 
. Defining document command \xapptobibdriver with arg. spec. 'm' on line 191.
.................................................
.................................................
. LaTeX info: "xparse/define-command"
. 
. Defining document command \xshowbibdriver with arg. spec. 'm' on line 193.
.................................................
)

Package csquotes Warning: Load 'inputenc' before 'csquotes' on input line 48.

Package csquotes Info: Checking for multilingual support...
Package csquotes Info: ... found 'babel' package.
("D:\Dissertation_proj\Template\UT thesis template\Dissertation_Yang.aux"

LaTeX Warning: Label `eq:1' multiply defined.


LaTeX Warning: Label `eq:2' multiply defined.


LaTeX Warning: Label `eq:y_im_split' multiply defined.


LaTeX Warning: Label `eq:v-cov_split' multiply defined.


LaTeX Warning: Label `eq:variance_split_ge_oth' multiply defined.


LaTeX Warning: Label `eq:h_j_derive_to_var_y_im' multiply defined.


LaTeX Warning: Label `fig: PowerLongiIncreaseCurve_independenceWkCor_on_AR1data
_h0.001' multiply defined.


LaTeX Warning: Label `eq:2' multiply defined.


LaTeX Warning: Label `eq:y_im_split' multiply defined.


LaTeX Warning: Label `eq:v-cov_split' multiply defined.


LaTeX Warning: Label `eq:variance_split_ge_oth' multiply defined.


LaTeX Warning: Label `eq:h_j_derive_to_var_y_im' multiply defined.

("D:\Dissertation_proj\Template\UT thesis template\LaSPU_manual.aux"))
LaTeX Font Info:    Checking defaults for OML/cmm/m/it on input line 48.
LaTeX Font Info:    ... okay on input line 48.
LaTeX Font Info:    Checking defaults for T1/cmr/m/n on input line 48.
LaTeX Font Info:    ... okay on input line 48.
LaTeX Font Info:    Checking defaults for OT1/cmr/m/n on input line 48.
LaTeX Font Info:    ... okay on input line 48.
LaTeX Font Info:    Checking defaults for OMS/cmsy/m/n on input line 48.
LaTeX Font Info:    ... okay on input line 48.
LaTeX Font Info:    Checking defaults for OMX/cmex/m/n on input line 48.
LaTeX Font Info:    ... okay on input line 48.
LaTeX Font Info:    Checking defaults for U/cmr/m/n on input line 48.
LaTeX Font Info:    ... okay on input line 48.
LaTeX Font Info:    Checking defaults for PD1/pdf/m/n on input line 48.
LaTeX Font Info:    ... okay on input line 48.

*geometry* driver: auto-detecting
*geometry* detected driver: pdftex
*geometry* verbose mode - [ preamble ] result:
* driver: pdftex
* paper: <default>
* layout: <same size as paper>
* layoutoffset:(h,v)=(0.0pt,0.0pt)
* modes: 
* h-part:(L,W,R)=(72.26999pt, 469.75502pt, 72.26999pt)
* v-part:(T,H,B)=(72.26999pt, 650.43001pt, 72.26999pt)
* \paperwidth=614.295pt
* \paperheight=794.96999pt
* \textwidth=469.75502pt
* \textheight=650.43001pt
* \oddsidemargin=0.0pt
* \evensidemargin=0.0pt
* \topmargin=-37.0pt
* \headheight=12.0pt
* \headsep=25.0pt
* \topskip=12.0pt
* \footskip=30.0pt
* \marginparwidth=44.0pt
* \marginparsep=10.0pt
* \columnsep=10.0pt
* \skip\footins=10.8pt plus 4.0pt minus 2.0pt
* \hoffset=0.0pt
* \voffset=0.0pt
* \mag=1000
* \@twocolumnfalse
* \@twosidefalse
* \@mparswitchfalse
* \@reversemarginfalse
* (1in=72.27pt=25.4mm, 1cm=28.453pt)

("d:\Program Files (x86)\MiKTeX 2.9\tex\context\base\supp-pdf.mkii"
[Loading MPS to PDF converter (version 2006.09.02).]
\scratchcounter=\count179
\scratchdimen=\dimen283
\scratchbox=\box53
\nofMPsegments=\count180
\nofMParguments=\count181
\everyMPshowfont=\toks35
\MPscratchCnt=\count182
\MPscratchDim=\dimen284
\MPnumerator=\count183
Normal \count register pool exhausted, switching to extended pool.
\makeMPintoPDFobject=\count277
\everyMPtoPDFconversion=\toks36
)
Package csquotes Info: Making character " active on input line 48.
Package caption Info: Begin \AtBeginDocument code.
Package caption Info: hyperref package is loaded.
Package caption Info: listings package is loaded.
Package caption Info: rotating package is loaded.
Package caption Info: End \AtBeginDocument code.
\c@lstlisting=\count278
\AtBeginShipoutBox=\box54
Package hyperref Info: Link coloring OFF on input line 48.
 ("d:\Program Files (x86)\MiKTeX 2.9\tex\latex\hyperref\nameref.sty"
Package: nameref 2012/10/27 v2.43 Cross-referencing by name of section

("d:\Program Files (x86)\MiKTeX 2.9\tex\generic\oberdiek\gettitlestring.sty"
Package: gettitlestring 2010/12/03 v1.4 Cleanup title references (HO)
)
\c@section@level=\count279
)
LaTeX Info: Redefining \ref on input line 48.
LaTeX Info: Redefining \pageref on input line 48.
LaTeX Info: Redefining \nameref on input line 48.

("D:\Dissertation_proj\Template\UT thesis template\Dissertation_Yang.out")
("D:\Dissertation_proj\Template\UT thesis template\Dissertation_Yang.out")
\@outlinefile=\write3
LaTeX Font Info:    Try loading font information for U+msa on input line 54.

("d:\Program Files (x86)\MiKTeX 2.9\tex\latex\amsfonts\umsa.fd"
File: umsa.fd 2013/01/14 v3.01 AMS symbols A
)
LaTeX Font Info:    Try loading font information for U+msb on input line 54.

("d:\Program Files (x86)\MiKTeX 2.9\tex\latex\amsfonts\umsb.fd"
File: umsb.fd 2013/01/14 v3.01 AMS symbols B
)

LaTeX Warning: No \author given.

[1

{C:/ProgramData/MiKTeX/2.9/pdftex/config/pdftex.map}]pdfTeX warning (ext4): des
tination with the same identifier (name{page.1}) has been already used, duplica
te ignored
<to be read again> 
                   \relax 
l.96 \newpage
              [1] [2] [3] [4]pdfTeX warning (ext4): destination with the same i
dentifier (name{page.1}) has been already used, duplicate ignored
<to be read again> 
                   \relax 
l.167 \end{titlepage}
                      [1]pdfTeX warning (ext4): destination with the same ident
ifier (name{page.2}) has been already used, duplicate ignored
<to be read again> 
                   \relax 
l.167 \end{titlepage}
                      [2]
("D:\Dissertation_proj\Template\UT thesis template\Dissertation_Yang.toc"pdfTeX
 warning (ext4): destination with the same identifier (name{page.1}) has been a
lready used, duplicate ignored
<to be read again> 
                   \relax 
l.20 ...mulation Studies}{54}{subsubsection.2.3.3}
                                                   [1]pdfTeX warning (ext4): de
stination with the same identifier (name{page.2}) has been already used, duplic
ate ignored
<to be read again> 
                   \relax 
l.41 ...line {3.4}Discussion}{104}{subsection.3.4}
                                                   [2]pdfTeX warning (ext4): de
stination with the same identifier (name{page.3}) has been already used, duplic
ate ignored
<to be read again> 
                   \relax 
l.62 ...ion and Future Directions}{148}{section.6}
                                                   [3])
\tf@toc=\write4
pdfTeX warning (ext4): destination with the same identifier (name{page.4}) has 
been already used, duplicate ignored
<to be read again> 
                   \relax 
l.173 \newpage
               [4]
("D:\Dissertation_proj\Template\UT thesis template\Dissertation_Yang.lot")
\tf@lot=\write5

[5] ("D:\Dissertation_proj\Template\UT thesis template\Dissertation_Yang.lof"
Overfull \hbox (4.304pt too wide) in paragraph at lines 2--2
 [][] [][]\OT1/cmr/bx/n/12 Examples of com-pet-i-tive ap-proach and self-contai
ned ap-proach based 
 []

[6])
\tf@lof=\write6
 [7] [8]
Overfull \hbox (97.77751pt too wide) in paragraph at lines 190--193
\OT1/cmr/m/n/12 in re-cent years. The ear-li-est meth-ods in-clude the co-hort 
al-lelic sums test (CAST)[[]]
 []


Overfull \hbox (27.15105pt too wide) in paragraph at lines 195--198
\OT1/cmr/m/n/12 pair and odds ra-tio weighted sum statis-tics (SP-WSS, OR-WSS) 
[[], []];
 []

[9]
Overfull \hbox (55.92146pt too wide) in paragraph at lines 209--212
\OT1/cmr/m/n/12 clidean penal-ties and single-predictor penal-ties (lasso) into
 lin-ear or lo-gis-tic re-gres-sion [[],
 []

[10] [11]
Overfull \hbox (10.75351pt too wide) in paragraph at lines 222--224
\OT1/cmr/m/n/12 the later im-proved ver-sion VAAST 2 [[]]. The weighted score t
est [[]]
 []

[12] [13] [14] [15]
Overfull \hbox (9.40112pt too wide) in paragraph at lines 278--280
\OT1/cmr/m/n/12 across mul-ti-ple time points for each in-di-vid-ual [[], [],
 []


Overfull \hbox (3.39146pt too wide) in paragraph at lines 278--280
\OT1/cmr/m/n/12 [[], [], [], []].
 []

[16] [17]
Overfull \hbox (58.69934pt too wide) in paragraph at lines 286--287
[]\OT1/cmr/m/n/12 Another ma-jor method, the marginal model with GEE was first 
pro-posed in 1986 [[],
 []


Overfull \hbox (0.64102pt too wide) in paragraph at lines 288--289
[]\OT1/cmr/m/n/12 ] and log link [[]]. Model fit-ting is straight-
 []

[18] [19] [20]
Overfull \hbox (3.4998pt too wide) in paragraph at lines 298--301
\OT1/cmr/m/n/12 ways, gene ex-pres-sion net-works as ex-am-ples [[], [],
 []


Overfull \hbox (41.0082pt too wide) in paragraph at lines 298--301
\OT1/cmr/m/n/12 both of which man-u-ally cu-rated the cell sig-nal-ing path-way
s; the Meta-Cyc database [[]]
 []

[21]
Overfull \hbox (90.4989pt too wide) in paragraph at lines 302--304
\OT1/cmr/m/n/12 rized into two ma-jor classes: self-contained ap-proach and com
-pet-i-tive ap-proach [[],
 []


Overfull \hbox (72.02411pt too wide) in paragraph at lines 302--304
[]\OT1/cmr/m/n/12 , [], [], [], []].
 []

[22]

pdfTeX warning: pdflatex (file D:/Dissertation_proj/Template/UT thesis template
/figure/CompetitiveVsConstrained_illustration_example.pdf): PDF inclusion: foun
d PDF version <1.7>, but at most version <1.5> allowed

<figure/CompetitiveVsConstrained_illustration_example.pdf, id=762, 853.57898pt 
x 929.4725pt>
File: figure/CompetitiveVsConstrained_illustration_example.pdf Graphic file (ty
pe pdf)
 <use figure/CompetitiveVsConstrained_illustration_example.pdf>
Package pdftex.def Info: figure/CompetitiveVsConstrained_illustration_example.p
df used on input line 311.
(pdftex.def)             Requested size: 426.78845pt x 464.73512pt.

[23]
Overfull \hbox (11.05945pt too wide) in paragraph at lines 316--319
\OT1/cmr/m/n/12 metabochip [[]] and the CVD35/cardiovascular-IBC-array [[],
 []

[24 <D:/Dissertation_proj/Template/UT thesis template/figure/CompetitiveVsConst
rained_illustration_example.pdf>] [25]
<figure/pathwayTests_definition.jpg, id=839, 733.23938pt x 677.53125pt>
File: figure/pathwayTests_definition.jpg Graphic file (type jpg)

<use figure/pathwayTests_definition.jpg>
Package pdftex.def Info: figure/pathwayTests_definition.jpg used on input line 
324.
(pdftex.def)             Requested size: 366.61879pt x 338.76479pt.
 [26 <D:/Dissertation_proj/Template/UT thesis template/figure/pathwayTests_defi
nition.jpg>] [27]
Overfull \hbox (3.39146pt too wide) in paragraph at lines 333--336
[]\OT1/cmr/m/n/12 , [], [], []]. 
 []

[28] [29] [30] [31] [32]

pdfTeX warning: pdflatex (file D:/Dissertation_proj/Template/UT thesis template
/figure/ARIC_CohortCharacteristics.pdf): PDF inclusion: found PDF version <1.7>
, but at most version <1.5> allowed
<figure/ARIC_CohortCharacteristics.pdf, id=948, 614.295pt x 794.97pt>
File: figure/ARIC_CohortCharacteristics.pdf Graphic file (type pdf)

<use figure/ARIC_CohortCharacteristics.pdf>
Package pdftex.def Info: figure/ARIC_CohortCharacteristics.pdf used on input li
ne 503.
(pdftex.def)             Requested size: 460.72011pt x 596.22604pt.
 [33]
Overfull \hbox (7.21765pt too wide) in paragraph at lines 519--520
$\OT1/cmr/m/n/12 (\OML/cmm/m/it/12 y[]; y[]; [] ; y[]\OT1/cmr/m/n/12 )[]$ with 
$\OML/cmm/m/it/12 y[]$ \OT1/cmr/m/n/12 as a el-e-ment, $\OML/cmm/m/it/12 p$ \OT
1/cmr/m/n/12 SNPs of in-ter-est as a row vec-tor $\OML/cmm/m/it/12 x[] \OT1/cmr
/m/n/12 = (\OML/cmm/m/it/12 x[]; x[]; [] ; x[]\OT1/cmr/m/n/12 )$
 []

[34 <D:/Dissertation_proj/Template/UT thesis template/figure/ARIC_CohortCharact
eristics.pdf>] [35]
Overfull \hbox (39.33234pt too wide) in paragraph at lines 566--566
[] 
 []

[36]
Overfull \hbox (24.90463pt too wide) in paragraph at lines 585--585
[] 
 []

[37] [38]
Underfull \hbox (badness 10000) in paragraph at lines 616--618

 []

LaTeX Font Info:    Try loading font information for OMS+cmr on input line 622.

("d:\Program Files (x86)\MiKTeX 2.9\tex\latex\base\omscmr.fd"
File: omscmr.fd 1999/05/25 v2.5h Standard LaTeX font definitions
)
LaTeX Font Info:    Font shape `OMS/cmr/m/n' in size <12> not available
(Font)              Font shape `OMS/cmsy/m/n' tried instead on input line 622.


Package amsmath Warning: Foreign command \over;
(amsmath)                \frac or \genfrac should be used instead
(amsmath)                 on input line 626.


Overfull \hbox (45.68019pt too wide) in paragraph at lines 625--627
[]\OT1/cmr/m/n/12 ]. Specif-i-cally, we first sim-u-late the score vec-tor $\OM
L/cmm/m/it/12 U[] \OT1/cmr/m/n/12 = (\OML/cmm/m/it/12 U[]; U[]; [] ; U[]\OT1/cm
r/m/n/12 )[]$
 []

[39]
Overfull \hbox (10.57611pt too wide) in paragraph at lines 635--637
[]\OT1/cmr/m/n/12 , [], []] and C-alpha test [[]],
 []


Overfull \hbox (40.86055pt too wide) in paragraph at lines 641--643
[]\OT1/cmr/m/n/12 , [], [], [], [],
 []

[40] [41] [42] [43] [44]
Overfull \hbox (70.98254pt too wide) in paragraph at lines 733--737
\OT1/cmr/m/n/12 I will gen-er-ate the sim-u-lated geno-types fol-low-ing [[], [
], []].
 []


Overfull \hbox (4.59572pt too wide) in paragraph at lines 733--737
\OT1/cmr/m/n/12 and the Atheroscle-ro-sis Risk in Com-mu-ni-ties (ARIC) data (h
ttps://www2.cscc.unc.edu/aric/)
 []

[45] [46]
Overfull \hbox (36.2676pt too wide) in paragraph at lines 746--748
\OT1/cmr/m/n/12 To sim-u-late lon-gi-tu-di-nal quan-ti-ta-tive phe-no-type, I w
ill fol-low the strat-egy used in [[]].
 []


Underfull \hbox (badness 10000) in paragraph at lines 749--750

 []


Underfull \hbox (badness 10000) in paragraph at lines 757--759

 []

[47] [48] [49] [50] [51] [52] [53] [54]
Overfull \hbox (19.58083pt too wide) in paragraph at lines 1147--1149
[]\OT1/cmr/bx/n/12 Empirical power bench-mark us-ing simulation-based P-value c
al-cu-lat-ing method
 []

[55]
Overfull \hbox (6.96959pt too wide) in paragraph at lines 1151--1204
[]\OT1/cmr/bx/n/12 Type I er-ror bench-mark us-ing permutation-based P-value ca
l-cu-lat-ing method
 []

[56] [57] [58] [59] [60] [61] [62]
Overfull \hbox (46.31612pt too wide) in paragraph at lines 1397--1401
[]\OT1/cmr/m/n/12 I will run gene-based test with gene bound-ary de-fined in th
e anal-y-sis of Peloso et.al.[[]]
 []

[63]
Underfull \hbox (badness 10000) in paragraph at lines 1498--1500

 []


Underfull \hbox (badness 10000) in paragraph at lines 1498--1500

 []

[64] [65] [66] [67] [68] [69] [70]
Overfull \hbox (39.33234pt too wide) in paragraph at lines 1573--1573
[] 
 []

[71]
Overfull \hbox (24.90463pt too wide) in paragraph at lines 1592--1592
[] 
 []

[72]
Underfull \hbox (badness 10000) in paragraph at lines 1624--1626

 []

[73]
Overfull \hbox (41.81744pt too wide) in paragraph at lines 1648--1649
[]\OT1/cmr/m/n/12 The Sum test is closely re-lated to other bur-den tests such 
like those in [[],
 []


Overfull \hbox (10.57611pt too wide) in paragraph at lines 1648--1649
[]\OT1/cmr/m/n/12 , [], []] and C-alpha test [[]],
 []


Overfull \hbox (8.90068pt too wide) in paragraph at lines 1648--1649
\OT1/cmr/m/n/12 will be more pow-er-ful. Nev-er-the-less, as shown in Pan et al
., [[], []]
 []

[74] [75] [76] [77] [78] [79] [80] [81]
Underfull \hbox (badness 10000) in paragraph at lines 1862--1866

 []


Underfull \hbox (badness 10000) in paragraph at lines 1873--1877

 []

[82] [83] [84] [85]
Overfull \hbox (9.1658pt too wide) in paragraph at lines 1975--1985
 [][] 
 []

[86

]

pdfTeX warning: pdflatex (file D:/Dissertation_proj/Template/UT thesis template
/figure/PowerCurve_independenceWkCor_on_AR1data_h0.001.pdf): PDF inclusion: fou
nd PDF version <1.7>, but at most version <1.5> allowed

<figure/PowerCurve_independenceWkCor_on_AR1data_h0.001.pdf, id=1414, 505.89pt x
 505.89pt>
File: figure/PowerCurve_independenceWkCor_on_AR1data_h0.001.pdf Graphic file (t
ype pdf)
 <use figure/PowerCurve_independenceWkCor_on_AR1data_h0.001.pdf>
Package pdftex.def Info: figure/PowerCurve_independenceWkCor_on_AR1data_h0.001.
pdf used on input line 1995.
(pdftex.def)             Requested size: 379.41655pt x 379.41655pt.


pdfTeX warning: pdflatex (file D:/Dissertation_proj/Template/UT thesis template
/figure/PowerCurve_independenceWkCor_on_AR1data_h0.001_heterogeneousSNPeffects.
pdf): PDF inclusion: found PDF version <1.7>, but at most version <1.5> allowed


<figure/PowerCurve_independenceWkCor_on_AR1data_h0.001_heterogeneousSNPeffects.
pdf, id=1416, 505.89pt x 505.89pt>
File: figure/PowerCurve_independenceWkCor_on_AR1data_h0.001_heterogeneousSNPeff
ects.pdf Graphic file (type pdf)

<use figure/PowerCurve_independenceWkCor_on_AR1data_h0.001_heterogeneousSNPeffe
cts.pdf>
Package pdftex.def Info: figure/PowerCurve_independenceWkCor_on_AR1data_h0.001_
heterogeneousSNPeffects.pdf used on input line 2008.
(pdftex.def)             Requested size: 379.41655pt x 379.41655pt.
 [87

 <D:/Dissertation_proj/Template/UT thesis template/figure/PowerCurve_independen
ceWkCor_on_AR1data_h0.001.pdf>]

pdfTeX warning: pdflatex (file D:/Dissertation_proj/Template/UT thesis template
/figure/PowerCurve_independenceWkCor_on_AR1data_h0.001_withNSNPnull.pdf): PDF i
nclusion: found PDF version <1.7>, but at most version <1.5> allowed

<figure/PowerCurve_independenceWkCor_on_AR1data_h0.001_withNSNPnull.pdf, id=144
7, 505.89pt x 505.89pt>
File: figure/PowerCurve_independenceWkCor_on_AR1data_h0.001_withNSNPnull.pdf Gr
aphic file (type pdf)

<use figure/PowerCurve_independenceWkCor_on_AR1data_h0.001_withNSNPnull.pdf>
Package pdftex.def Info: figure/PowerCurve_independenceWkCor_on_AR1data_h0.001_
withNSNPnull.pdf used on input line 2020.
(pdftex.def)             Requested size: 379.41655pt x 379.41655pt.

[88 <D:/Dissertation_proj/Template/UT thesis template/figure/PowerCurve_indepen
denceWkCor_on_AR1data_h0.001_heterogeneousSNPeffects.pdf>] [89 <D:/Dissertation
_proj/Template/UT thesis template/figure/PowerCurve_independenceWkCor_on_AR1dat
a_h0.001_withNSNPnull.pdf>]

pdfTeX warning: pdflatex (file D:/Dissertation_proj/Template/UT thesis template
/figure/power_ind_5000replicates.pdf): PDF inclusion: found PDF version <1.7>, 
but at most version <1.5> allowed
<figure/power_ind_5000replicates.pdf, id=1512, 505.89pt x 505.89pt>
File: figure/power_ind_5000replicates.pdf Graphic file (type pdf)

<use figure/power_ind_5000replicates.pdf>
Package pdftex.def Info: figure/power_ind_5000replicates.pdf used on input line
 2033.
(pdftex.def)             Requested size: 379.41655pt x 379.41655pt.
 [90] [91 <D:/Dissertation_proj/Template/UT thesis template/figure/power_ind_50
00replicates.pdf>]
<figure/PowerIncreaseCurve_independenceWkCor_on_AR1data_h0.001_CVs_simulatedInC
orrelatedResidual.pdf, id=1543, 505.89pt x 505.89pt>
File: figure/PowerIncreaseCurve_independenceWkCor_on_AR1data_h0.001_CVs_simulat
edInCorrelatedResidual.pdf Graphic file (type pdf)

<use figure/PowerIncreaseCurve_independenceWkCor_on_AR1data_h0.001_CVs_simulate
dInCorrelatedResidual.pdf>
Package pdftex.def Info: figure/PowerIncreaseCurve_independenceWkCor_on_AR1data
_h0.001_CVs_simulatedInCorrelatedResidual.pdf used on input line 2043.
(pdftex.def)             Requested size: 379.41655pt x 379.41655pt.
 [92] [93 <D:/Dissertation_proj/Template/UT thesis template/figure/PowerIncreas
eCurve_independenceWkCor_on_AR1data_h0.001_CVs_simulatedInCorrelatedResidual.pd
f>] [94]
Overfull \hbox (23.06119pt too wide) in paragraph at lines 2057--2068
 [][] 
 []

[95

]

pdfTeX warning: pdflatex (file D:/Dissertation_proj/Template/UT thesis template
/figure/PowerCurve_independenceWkCor_on_AR1data_h0.001_RVpermutedU_moreTests.pd
f): PDF inclusion: found PDF version <1.7>, but at most version <1.5> allowed

<figure/PowerCurve_independenceWkCor_on_AR1data_h0.001_RVpermutedU_moreTests.pd
f, id=1568, 505.89pt x 505.89pt>
File: figure/PowerCurve_independenceWkCor_on_AR1data_h0.001_RVpermutedU_moreTes
ts.pdf Graphic file (type pdf)

<use figure/PowerCurve_independenceWkCor_on_AR1data_h0.001_RVpermutedU_moreTest
s.pdf>
Package pdftex.def Info: figure/PowerCurve_independenceWkCor_on_AR1data_h0.001_
RVpermutedU_moreTests.pdf used on input line 2075.
(pdftex.def)             Requested size: 379.41655pt x 379.41655pt.
 [96

] [97 <D:/Dissertation_proj/Template/UT thesis template/figure/PowerCurve_indep
endenceWkCor_on_AR1data_h0.001_RVpermutedU_moreTests.pdf>] [98]
<figure/compare_longi_LaSPU_exome_ARIC.pdf, id=1609, 614.295pt x 794.97pt>
File: figure/compare_longi_LaSPU_exome_ARIC.pdf Graphic file (type pdf)

<use figure/compare_longi_LaSPU_exome_ARIC.pdf>
Package pdftex.def Info: figure/compare_longi_LaSPU_exome_ARIC.pdf used on inpu
t line 2088.
(pdftex.def)             Requested size: 460.72011pt x 596.22604pt.
 [99] [100 <D:/Dissertation_proj/Template/UT thesis template/figure/compare_lon
gi_LaSPU_exome_ARIC.pdf>]
<figure/compare_LaSPU_LSSU_exome_ARIC.pdf, id=1837, 614.295pt x 794.97pt>
File: figure/compare_LaSPU_LSSU_exome_ARIC.pdf Graphic file (type pdf)

<use figure/compare_LaSPU_LSSU_exome_ARIC.pdf>
Package pdftex.def Info: figure/compare_LaSPU_LSSU_exome_ARIC.pdf used on input
 line 2125.
(pdftex.def)             Requested size: 460.72011pt x 596.22604pt.
 [101] [102] [103 <D:/Dissertation_proj/Template/UT thesis template/figure/comp
are_LaSPU_LSSU_exome_ARIC.pdf>]
[104] [105] [106] [107]
Underfull \hbox (badness 10000) in paragraph at lines 2205--2207

 []


Underfull \hbox (badness 10000) in paragraph at lines 2205--2207

 []


Underfull \hbox (badness 10000) in paragraph at lines 2208--2210

 []

[108] [109]
Overfull \hbox (204.19496pt too wide) in paragraph at lines 2216--2217
\OT1/cmr/m/n/12 cient power in the single-SNP-based or single-gene-based analys
is.[[],
 []

[110] [111] [112] [113]
<figure/Article2_SNPs_aggregation_flowchart.pdf, id=2167, 867.24pt x 542.025pt>
File: figure/Article2_SNPs_aggregation_flowchart.pdf Graphic file (type pdf)
<use figure/Article2_SNPs_aggregation_flowchart.pdf>
Package pdftex.def Info: figure/Article2_SNPs_aggregation_flowchart.pdf used on
 input line 2228.
(pdftex.def)             Requested size: 469.75502pt x 293.5989pt.
 [114] [115 <D:/Dissertation_proj/Template/UT thesis template/figure/Article2_S
NPs_aggregation_flowchart.pdf>]
Overfull \hbox (39.33234pt too wide) in paragraph at lines 2280--2280
[] 
 []

[116]
Overfull \hbox (24.90463pt too wide) in paragraph at lines 2299--2299
[] 
 []

[117]
Underfull \hbox (badness 10000) in paragraph at lines 2331--2333

 []

[118]
Overfull \hbox (41.81744pt too wide) in paragraph at lines 2355--2358
[]\OT1/cmr/m/n/12 The Sum test is closely re-lated to other bur-den tests such 
like those in [[],
 []


Overfull \hbox (10.57611pt too wide) in paragraph at lines 2355--2358
[]\OT1/cmr/m/n/12 , [], []] and C-alpha test [[]],
 []


Overfull \hbox (6.02849pt too wide) in paragraph at lines 2355--2358
\OT1/cmr/m/n/12 will be more pow-er-ful. Nev-er-the-less, as shown in Pan et al
.,[[], []]
 []

[119] [120] [121] [122]
Overfull \hbox (101.17018pt too wide) in paragraph at lines 2433--2434
[]\OT1/cmr/m/n/12 For any given $(\OML/cmm/m/it/12 ; \OT1/cmr/m/n/12 2)$, we 
re-course to the simulation-based strategy[[], []],
 []


Overfull \hbox (2.55594pt too wide) in paragraph at lines 2433--2434
\OT1/cmr/m/n/12 as used in aSPU test, to cal-cu-late the p-value $\OML/cmm/m/it
/12 P[]$ \OT1/cmr/m/n/12 from $\OML/cmm/m/it/12 T[]$\OT1/cmr/m/n/12 .
 []

[123] [124] [125] [126]
Underfull \hbox (badness 10000) in paragraph at lines 2541--2545

 []

[127]
Underfull \hbox (badness 10000) in paragraph at lines 2552--2556

 []

[128] [129] [130]
<figure/PowerCurve_independenceWkCor_on_AR1data_RVsimulatedU_pathwayAnalysis.pd
f, id=2455, 505.89pt x 505.89pt>
File: figure/PowerCurve_independenceWkCor_on_AR1data_RVsimulatedU_pathwayAnalys
is.pdf Graphic file (type pdf)

<use figure/PowerCurve_independenceWkCor_on_AR1data_RVsimulatedU_pathwayAnalysi
s.pdf>
Package pdftex.def Info: figure/PowerCurve_independenceWkCor_on_AR1data_RVsimul
atedU_pathwayAnalysis.pdf used on input line 2724.
(pdftex.def)             Requested size: 455.3045pt x 455.29901pt.
 [131] [132 <D:/Dissertation_proj/Template/UT thesis template/figure/PowerCurve
_independenceWkCor_on_AR1data_RVsimulatedU_pathwayAnalysis.pdf>] [133]
[134]
Overfull \hbox (19.64503pt too wide) in paragraph at lines 2770--2770
 []$[]$ 
 []


Overfull \hbox (54.37437pt too wide) in paragraph at lines 2793--2795
\OT1/cmr/m/n/12 GWAS [[], [], [], [],
 []

[135]
Overfull \hbox (72.02411pt too wide) in paragraph at lines 2796--2797
[]\OT1/cmr/m/n/12 , [], [], [], []].
 []

[136] [137]
Overfull \hbox (91.60675pt too wide) in paragraph at lines 2798--2799
\OT1/cmr/m/n/12 struc-tural al-ter-na-tions. The Hu-man Epigenome At-las (http:
//www.genboree.org/epigenomeatlas/index.rhtml)
 []

[138]
Underfull \hbox (badness 10000) in paragraph at lines 2808--2810

 []


Underfull \hbox (badness 10000) in paragraph at lines 2808--2810

 []


Underfull \hbox (badness 10000) in paragraph at lines 2811--2813

 []

[139]
Overfull \hbox (42.87737pt too wide) in paragraph at lines 2817--2821
\OT1/cmr/m/n/12 cenced un-der the CC BY-NC 4.0 li-cence and freely avail-able a
t https://github.com/xyy2006/LaSPU/.
 []

[140] [141] [142] <figure/Article3_workflow.pdf, id=2583, 722.7pt x 542.025pt>
File: figure/Article3_workflow.pdf Graphic file (type pdf)

<use figure/Article3_workflow.pdf>
Package pdftex.def Info: figure/Article3_workflow.pdf used on input line 2846.
(pdftex.def)             Requested size: 469.75502pt x 352.32034pt.

<figure/Article3_LaSPU_example_result.pdf, id=2584, 845.1575pt x 597.45204pt>
File: figure/Article3_LaSPU_example_result.pdf Graphic file (type pdf)

<use figure/Article3_LaSPU_example_result.pdf>
Package pdftex.def Info: figure/Article3_LaSPU_example_result.pdf used on input
 line 2853.
(pdftex.def)             Requested size: 469.75502pt x 332.08209pt.
 [143] [144 <D:/Dissertation_proj/Template/UT thesis template/figure/Article3_w
orkflow.pdf>] [145 <D:/Dissertation_proj/Template/UT thesis template/figure/Art
icle3_LaSPU_example_result.pdf, page is rotated 90 degrees>]
("D:\Dissertation_proj\Template\UT thesis template\LaSPU_manual.tex"
Underfull \hbox (badness 10000) in paragraph at lines 2--3

 []

[146

]
Underfull \hbox (badness 10000) in paragraph at lines 22--23

 []


Overfull \hbox (65.99257pt too wide) in paragraph at lines 33--34
[]\OT1/cmr/m/n/12 5. If you have mul-ti-ple nodes avail-able, check '--jobExecu
teOnMultipleNodes' and '--MultipleNodes[]profile'
 []

) [147] [148

] [149]
Overfull \hbox (9.08401pt too wide) in paragraph at lines 2875--2876
[]\OT1/cmr/m/n/12 , [], [], []]. Al-
 []

[150] [151]
("D:\Dissertation_proj\Template\UT thesis template\Dissertation_Yang.bbl"
[152] [153] [154] [155] [156]
Underfull \hbox (badness 10000) in paragraph at lines 250--254
[]\OT1/cmr/m/n/12 for Blood Pres-sure
 []

[157] [158] [159] [160] [161] [162] [163] [164] [165] [166] [167] [168]
[169] [170] [171] [172] [173])

Package caption Warning: Unused \captionsetup[subtable] on input line 19.
See the caption package documentation for explanation.

Package atveryend Info: Empty hook `BeforeClearDocument' on input line 2890.
[174]
Package atveryend Info: Empty hook `AfterLastShipout' on input line 2890.
 ("D:\Dissertation_proj\Template\UT thesis template\Dissertation_Yang.aux" ("D:
\Dissertation_proj\Template\UT thesis template\LaSPU_manual.aux"))
Package atveryend Info: Executing hook `AtVeryEndDocument' on input line 2890.
Package atveryend Info: Executing hook `AtEndAfterFileList' on input line 2890.

Package rerunfilecheck Info: File `Dissertation_Yang.out' has not changed.
(rerunfilecheck)             Checksum: F2ADEF164E4866882048A1935EBE39AB;5289.


LaTeX Warning: There were multiply-defined labels.

 )
(\end occurred inside a group at level 1)

### semi simple group (level 1) entered at line 1 (\begingroup)
### bottom level 
Here is how much of TeX's memory you used:
 18032 strings out of 493921
 301269 string characters out of 3144864
 398416 words of memory out of 3000000
 20494 multiletter control sequences out of 15000+200000
 20577 words of font info for 75 fonts, out of 3000000 for 9000
 841 hyphenation exceptions out of 8191
 39i,16n,79p,10466b,562s stack positions out of 5000i,500n,10000p,200000b,50000s
<d:/Program Files (x86)/MiKTeX 2.9/fonts/type1/public/amsfonts/
cm/cmbx12.pfb><d:/Program Files (x86)/MiKTeX 2.9/fonts/type1/public/amsfonts/cm
/cmex10.pfb><d:/Program Files (x86)/MiKTeX 2.9/fonts/type1/public/amsfonts/cm/c
mmi10.pfb><d:/Program Files (x86)/MiKTeX 2.9/fonts/type1/public/amsfonts/cm/cmm
i12.pfb><d:/Program Files (x86)/MiKTeX 2.9/fonts/type1/public/amsfonts/cm/cmmi6
.pfb><d:/Program Files (x86)/MiKTeX 2.9/fonts/type1/public/amsfonts/cm/cmmi8.pf
b><d:/Program Files (x86)/MiKTeX 2.9/fonts/type1/public/amsfonts/cm/cmmib10.pfb
><d:/Program Files (x86)/MiKTeX 2.9/fonts/type1/public/amsfonts/cmextra/cmmib8.
pfb><d:/Program Files (x86)/MiKTeX 2.9/fonts/type1/public/amsfonts/cm/cmr10.pfb
><d:/Program Files (x86)/MiKTeX 2.9/fonts/type1/public/amsfonts/cm/cmr12.pfb><d
:/Program Files (x86)/MiKTeX 2.9/fonts/type1/public/amsfonts/cm/cmr6.pfb><d:/Pr
ogram Files (x86)/MiKTeX 2.9/fonts/type1/public/amsfonts/cm/cmr8.pfb><d:/Progra
m Files (x86)/MiKTeX 2.9/fonts/type1/public/amsfonts/cm/cmsy10.pfb><d:/Program 
Files (x86)/MiKTeX 2.9/fonts/type1/public/amsfonts/cm/cmsy6.pfb><d:/Program Fil
es (x86)/MiKTeX 2.9/fonts/type1/public/amsfonts/cm/cmsy8.pfb><d:/Program Files 
(x86)/MiKTeX 2.9/fonts/type1/public/amsfonts/cm/cmti12.pfb><d:/Program Files (x
86)/MiKTeX 2.9/fonts/type1/public/amsfonts/cm/cmti7.pfb><d:/Program Files (x86)
/MiKTeX 2.9/fonts/type1/public/amsfonts/cm/cmti8.pfb><d:/Program Files (x86)/Mi
KTeX 2.9/fonts/type1/public/amsfonts/symbols/msbm10.pfb>
Output written on Dissertation_Yang.pdf (181 pages, 6334609 bytes).
PDF statistics:
 2936 PDF objects out of 2984 (max. 8388607)
 495 named destinations out of 1000 (max. 500000)
 572 words of extra memory for PDF output out of 10000 (max. 10000000)

