\BOOKMARK [1][-]{section.1}{Background}{}% 1
\BOOKMARK [1][-]{section.2}{Public Health Significance}{}% 2
\BOOKMARK [1][-]{section.3}{Specific Aims and Hypotheses}{}% 3
\BOOKMARK [1][-]{section.4}{Real Data Introduction}{}% 4
\BOOKMARK [1][-]{section.5}{Methods}{}% 5
\BOOKMARK [2][-]{subsection.5.1}{Aim One \(1a\): A data-adaptive association test for longitudinal data analysis within GEE framework}{section.5}% 6
\BOOKMARK [3][-]{subsubsection.5.1.1}{Statistical Modeling}{subsection.5.1}% 7
\BOOKMARK [3][-]{subsubsection.5.1.2}{Plan for Simulation Studies and Preliminary Simulation Results}{subsection.5.1}% 8
\BOOKMARK [3][-]{subsubsection.5.1.3}{More Simulation Studies}{subsection.5.1}% 9
\BOOKMARK [2][-]{subsection.5.2}{Aim One \(1b\): Longitudinal aSPU family tests on Rare Variants}{section.5}% 10
\BOOKMARK [3][-]{subsubsection.5.2.1}{Statistical Modeling}{subsection.5.2}% 11
\BOOKMARK [3][-]{subsubsection.5.2.2}{Plan for Simulation Studies and Preliminary Simulation Results}{subsection.5.2}% 12
\BOOKMARK [3][-]{subsubsection.5.2.3}{More Simulation Studies}{subsection.5.2}% 13
\BOOKMARK [2][-]{subsection.5.3}{Aim Two: Longitudinal aSPU family tests in a pathway-based manner: Path-aSPU}{section.5}% 14
\BOOKMARK [3][-]{subsubsection.5.3.1}{Statistical Modeling}{subsection.5.3}% 15
\BOOKMARK [3][-]{subsubsection.5.3.2}{Plan for Simulation Studies}{subsection.5.3}% 16
\BOOKMARK [1][-]{section.6}{Real Data Application of the methods}{}% 17
\BOOKMARK [2][-]{subsection.6.1}{Data application for Aim One}{section.6}% 18
\BOOKMARK [2][-]{subsection.6.2}{Data application for Aim Two}{section.6}% 19
\BOOKMARK [1][-]{subsection.6.2}{References}{}% 20
